2017-08-14 09:28:43 [scrapy.utils.log] INFO: Scrapy 1.4.0 started (bot: dongguan_scrapy)
2017-08-14 09:28:43 [scrapy.utils.log] INFO: Overridden settings: {'NEWSPIDER_MODULE': 'dongguan_scrapy.spiders', 'SPIDER_MODULES': ['dongguan_scrapy.spiders'], 'LOG_FILE': 'dongguanlog.log', 'BOT_NAME': 'dongguan_scrapy'}
2017-08-14 09:28:43 [scrapy.middleware] INFO: Enabled extensions:
['scrapy.extensions.logstats.LogStats',
 'scrapy.extensions.telnet.TelnetConsole',
 'scrapy.extensions.corestats.CoreStats']
2017-08-14 09:28:43 [scrapy.middleware] INFO: Enabled downloader middlewares:
['scrapy.downloadermiddlewares.httpauth.HttpAuthMiddleware',
 'scrapy.downloadermiddlewares.downloadtimeout.DownloadTimeoutMiddleware',
 'scrapy.downloadermiddlewares.defaultheaders.DefaultHeadersMiddleware',
 'scrapy.downloadermiddlewares.useragent.UserAgentMiddleware',
 'scrapy.downloadermiddlewares.retry.RetryMiddleware',
 'scrapy.downloadermiddlewares.redirect.MetaRefreshMiddleware',
 'scrapy.downloadermiddlewares.httpcompression.HttpCompressionMiddleware',
 'scrapy.downloadermiddlewares.redirect.RedirectMiddleware',
 'scrapy.downloadermiddlewares.cookies.CookiesMiddleware',
 'scrapy.downloadermiddlewares.httpproxy.HttpProxyMiddleware',
 'scrapy.downloadermiddlewares.stats.DownloaderStats']
2017-08-14 09:28:43 [scrapy.middleware] INFO: Enabled spider middlewares:
['scrapy.spidermiddlewares.httperror.HttpErrorMiddleware',
 'scrapy.spidermiddlewares.offsite.OffsiteMiddleware',
 'scrapy.spidermiddlewares.referer.RefererMiddleware',
 'scrapy.spidermiddlewares.urllength.UrlLengthMiddleware',
 'scrapy.spidermiddlewares.depth.DepthMiddleware']
2017-08-14 09:28:43 [scrapy.middleware] INFO: Enabled item pipelines:
['dongguan_scrapy.pipelines.DongguanScrapyPipeline']
2017-08-14 09:28:43 [scrapy.core.engine] INFO: Spider opened
2017-08-14 09:28:43 [scrapy.extensions.logstats] INFO: Crawled 0 pages (at 0 pages/min), scraped 0 items (at 0 items/min)
2017-08-14 09:28:43 [scrapy.extensions.telnet] DEBUG: Telnet console listening on 127.0.0.1:6023
2017-08-14 09:28:45 [scrapy.core.engine] DEBUG: Crawled (200) <GET http://wz.sun0769.com/index.php/question/questionType?type=4&page=> (referer: None)
2017-08-14 09:28:45 [scrapy.core.engine] DEBUG: Crawled (200) <GET http://wz.sun0769.com/index.php/question/questionType?type=4&page=90> (referer: http://wz.sun0769.com/index.php/question/questionType?type=4&page=)
2017-08-14 09:28:45 [scrapy.dupefilters] DEBUG: Filtered duplicate request: <GET http://wz.sun0769.com/index.php/question/questionType?type=4> - no more duplicates will be shown (see DUPEFILTER_DEBUG to show all duplicates)
2017-08-14 09:28:45 [scrapy.core.engine] DEBUG: Crawled (200) <GET http://wz.sun0769.com/index.php/question/questionType?type=4&page=30> (referer: http://wz.sun0769.com/index.php/question/questionType?type=4&page=)
2017-08-14 09:28:45 [scrapy.core.engine] DEBUG: Crawled (200) <GET http://wz.sun0769.com/index.php/question/questionType?type=4> (referer: http://wz.sun0769.com/index.php/question/questionType?type=4&page=)
2017-08-14 09:28:45 [scrapy.core.engine] DEBUG: Crawled (200) <GET http://wz.sun0769.com/index.php/question/questionType?type=4&page=60> (referer: http://wz.sun0769.com/index.php/question/questionType?type=4&page=)
2017-08-14 09:28:45 [scrapy.core.engine] DEBUG: Crawled (200) <GET http://wz.sun0769.com/index.php/question/questionType?type=4&page=120> (referer: http://wz.sun0769.com/index.php/question/questionType?type=4&page=)
2017-08-14 09:28:48 [scrapy.core.engine] DEBUG: Crawled (200) <GET http://wz.sun0769.com/index.php/question/questionType?type=4&page=78870> (referer: http://wz.sun0769.com/index.php/question/questionType?type=4&page=)
2017-08-14 09:28:48 [scrapy.core.engine] DEBUG: Crawled (200) <GET http://wz.sun0769.com/index.php/question/questionType?type=4&page=150> (referer: http://wz.sun0769.com/index.php/question/questionType?type=4&page=90)
2017-08-14 09:28:48 [scrapy.core.engine] DEBUG: Crawled (200) <GET http://wz.sun0769.com/index.php/question/questionType?type=4&page=> (referer: http://wz.sun0769.com/index.php/question/questionType?type=4&page=90)
2017-08-14 09:28:48 [scrapy.core.engine] DEBUG: Crawled (200) <GET http://wz.sun0769.com/index.php/question/questionType?type=4&page=240> (referer: http://wz.sun0769.com/index.php/question/questionType?type=4&page=120)
2017-08-14 09:28:48 [scrapy.core.engine] DEBUG: Crawled (200) <GET http://wz.sun0769.com/index.php/question/questionType?type=4&page=210> (referer: http://wz.sun0769.com/index.php/question/questionType?type=4&page=90)
2017-08-14 09:28:48 [scrapy.core.engine] DEBUG: Crawled (200) <GET http://wz.sun0769.com/index.php/question/questionType?type=4&page=180> (referer: http://wz.sun0769.com/index.php/question/questionType?type=4&page=90)
2017-08-14 09:28:50 [scrapy.core.engine] DEBUG: Crawled (200) <GET http://wz.sun0769.com/index.php/question/questionType?type=4&page=78810> (referer: http://wz.sun0769.com/index.php/question/questionType?type=4&page=78870)
2017-08-14 09:28:51 [scrapy.core.engine] DEBUG: Crawled (200) <GET http://wz.sun0769.com/index.php/question/questionType?type=4&page=78840> (referer: http://wz.sun0769.com/index.php/question/questionType?type=4&page=78870)
2017-08-14 09:28:53 [scrapy.core.engine] DEBUG: Crawled (200) <GET http://wz.sun0769.com/index.php/question/questionType?type=4&page=300> (referer: http://wz.sun0769.com/index.php/question/questionType?type=4&page=240)
2017-08-14 09:28:53 [scrapy.core.engine] DEBUG: Crawled (200) <GET http://wz.sun0769.com/index.php/question/questionType?type=4&page=78750> (referer: http://wz.sun0769.com/index.php/question/questionType?type=4&page=78870)
2017-08-14 09:28:55 [scrapy.core.engine] DEBUG: Crawled (200) <GET http://wz.sun0769.com/index.php/question/questionType?type=4&page=78720> (referer: http://wz.sun0769.com/index.php/question/questionType?type=4&page=78810)
2017-08-14 09:29:18 [scrapy.utils.log] INFO: Scrapy 1.4.0 started (bot: dongguan_scrapy)
2017-08-14 09:29:18 [scrapy.utils.log] INFO: Overridden settings: {'NEWSPIDER_MODULE': 'dongguan_scrapy.spiders', 'SPIDER_MODULES': ['dongguan_scrapy.spiders'], 'LOG_FILE': 'dongguanlog.log', 'BOT_NAME': 'dongguan_scrapy'}
2017-08-14 09:29:18 [scrapy.middleware] INFO: Enabled extensions:
['scrapy.extensions.logstats.LogStats',
 'scrapy.extensions.telnet.TelnetConsole',
 'scrapy.extensions.corestats.CoreStats']
2017-08-14 09:29:18 [scrapy.middleware] INFO: Enabled downloader middlewares:
['scrapy.downloadermiddlewares.httpauth.HttpAuthMiddleware',
 'scrapy.downloadermiddlewares.downloadtimeout.DownloadTimeoutMiddleware',
 'scrapy.downloadermiddlewares.defaultheaders.DefaultHeadersMiddleware',
 'scrapy.downloadermiddlewares.useragent.UserAgentMiddleware',
 'scrapy.downloadermiddlewares.retry.RetryMiddleware',
 'scrapy.downloadermiddlewares.redirect.MetaRefreshMiddleware',
 'scrapy.downloadermiddlewares.httpcompression.HttpCompressionMiddleware',
 'scrapy.downloadermiddlewares.redirect.RedirectMiddleware',
 'scrapy.downloadermiddlewares.cookies.CookiesMiddleware',
 'scrapy.downloadermiddlewares.httpproxy.HttpProxyMiddleware',
 'scrapy.downloadermiddlewares.stats.DownloaderStats']
2017-08-14 09:29:18 [scrapy.middleware] INFO: Enabled spider middlewares:
['scrapy.spidermiddlewares.httperror.HttpErrorMiddleware',
 'scrapy.spidermiddlewares.offsite.OffsiteMiddleware',
 'scrapy.spidermiddlewares.referer.RefererMiddleware',
 'scrapy.spidermiddlewares.urllength.UrlLengthMiddleware',
 'scrapy.spidermiddlewares.depth.DepthMiddleware']
2017-08-14 09:29:18 [scrapy.middleware] INFO: Enabled item pipelines:
['dongguan_scrapy.pipelines.DongguanScrapyPipeline']
2017-08-14 09:29:18 [scrapy.core.engine] INFO: Spider opened
2017-08-14 09:29:18 [scrapy.extensions.logstats] INFO: Crawled 0 pages (at 0 pages/min), scraped 0 items (at 0 items/min)
2017-08-14 09:29:18 [scrapy.extensions.telnet] DEBUG: Telnet console listening on 127.0.0.1:6023
2017-08-14 09:29:19 [scrapy.core.engine] DEBUG: Crawled (200) <GET http://wz.sun0769.com/index.php/question/questionType?type=4&page=> (referer: None)
2017-08-14 09:29:19 [scrapy.core.engine] DEBUG: Crawled (200) <GET http://wz.sun0769.com/index.php/question/questionType?type=4&page=90> (referer: http://wz.sun0769.com/index.php/question/questionType?type=4&page=)
2017-08-14 09:29:19 [scrapy.core.engine] DEBUG: Crawled (200) <GET http://wz.sun0769.com/index.php/question/questionType?type=4&page=60> (referer: http://wz.sun0769.com/index.php/question/questionType?type=4&page=)
2017-08-14 09:29:19 [scrapy.core.scraper] ERROR: Spider must return Request, BaseItem, dict or None, got 'HtmlResponse' in <GET http://wz.sun0769.com/index.php/question/questionType?type=4&page=90>
2017-08-14 09:29:19 [scrapy.core.engine] DEBUG: Crawled (200) <GET http://wz.sun0769.com/index.php/question/questionType?type=4> (referer: http://wz.sun0769.com/index.php/question/questionType?type=4&page=)
2017-08-14 09:29:19 [scrapy.core.engine] DEBUG: Crawled (200) <GET http://wz.sun0769.com/index.php/question/questionType?type=4&page=30> (referer: http://wz.sun0769.com/index.php/question/questionType?type=4&page=)
2017-08-14 09:29:19 [scrapy.core.scraper] ERROR: Spider must return Request, BaseItem, dict or None, got 'HtmlResponse' in <GET http://wz.sun0769.com/index.php/question/questionType?type=4&page=60>
2017-08-14 09:29:19 [scrapy.core.engine] DEBUG: Crawled (200) <GET http://wz.sun0769.com/index.php/question/questionType?type=4&page=78870> (referer: http://wz.sun0769.com/index.php/question/questionType?type=4&page=)
2017-08-14 09:29:19 [scrapy.core.engine] DEBUG: Crawled (200) <GET http://wz.sun0769.com/index.php/question/questionType?type=4&page=120> (referer: http://wz.sun0769.com/index.php/question/questionType?type=4&page=)
2017-08-14 09:29:19 [scrapy.core.scraper] ERROR: Spider must return Request, BaseItem, dict or None, got 'HtmlResponse' in <GET http://wz.sun0769.com/index.php/question/questionType?type=4>
2017-08-14 09:29:19 [scrapy.core.scraper] ERROR: Spider must return Request, BaseItem, dict or None, got 'HtmlResponse' in <GET http://wz.sun0769.com/index.php/question/questionType?type=4&page=30>
2017-08-14 09:29:19 [scrapy.core.scraper] ERROR: Spider must return Request, BaseItem, dict or None, got 'HtmlResponse' in <GET http://wz.sun0769.com/index.php/question/questionType?type=4&page=78870>
2017-08-14 09:29:19 [scrapy.core.scraper] ERROR: Spider must return Request, BaseItem, dict or None, got 'HtmlResponse' in <GET http://wz.sun0769.com/index.php/question/questionType?type=4&page=120>
2017-08-14 09:29:19 [scrapy.core.engine] INFO: Closing spider (finished)
2017-08-14 09:29:19 [scrapy.statscollectors] INFO: Dumping Scrapy stats:
{'downloader/request_bytes': 1901,
 'downloader/request_count': 7,
 'downloader/request_method_count/GET': 7,
 'downloader/response_bytes': 204514,
 'downloader/response_count': 7,
 'downloader/response_status_count/200': 7,
 'finish_reason': 'finished',
 'finish_time': datetime.datetime(2017, 8, 14, 1, 29, 19, 832000),
 'log_count/DEBUG': 8,
 'log_count/ERROR': 6,
 'log_count/INFO': 7,
 'request_depth_max': 1,
 'response_received_count': 7,
 'scheduler/dequeued': 7,
 'scheduler/dequeued/memory': 7,
 'scheduler/enqueued': 7,
 'scheduler/enqueued/memory': 7,
 'start_time': datetime.datetime(2017, 8, 14, 1, 29, 18, 904000)}
2017-08-14 09:29:19 [scrapy.core.engine] INFO: Spider closed (finished)
2017-08-14 09:29:40 [scrapy.utils.log] INFO: Scrapy 1.4.0 started (bot: dongguan_scrapy)
2017-08-14 09:29:40 [scrapy.utils.log] INFO: Overridden settings: {'NEWSPIDER_MODULE': 'dongguan_scrapy.spiders', 'SPIDER_MODULES': ['dongguan_scrapy.spiders'], 'LOG_FILE': 'dongguanlog.log', 'BOT_NAME': 'dongguan_scrapy'}
2017-08-14 09:29:40 [scrapy.middleware] INFO: Enabled extensions:
['scrapy.extensions.logstats.LogStats',
 'scrapy.extensions.telnet.TelnetConsole',
 'scrapy.extensions.corestats.CoreStats']
2017-08-14 09:29:41 [scrapy.middleware] INFO: Enabled downloader middlewares:
['scrapy.downloadermiddlewares.httpauth.HttpAuthMiddleware',
 'scrapy.downloadermiddlewares.downloadtimeout.DownloadTimeoutMiddleware',
 'scrapy.downloadermiddlewares.defaultheaders.DefaultHeadersMiddleware',
 'scrapy.downloadermiddlewares.useragent.UserAgentMiddleware',
 'scrapy.downloadermiddlewares.retry.RetryMiddleware',
 'scrapy.downloadermiddlewares.redirect.MetaRefreshMiddleware',
 'scrapy.downloadermiddlewares.httpcompression.HttpCompressionMiddleware',
 'scrapy.downloadermiddlewares.redirect.RedirectMiddleware',
 'scrapy.downloadermiddlewares.cookies.CookiesMiddleware',
 'scrapy.downloadermiddlewares.httpproxy.HttpProxyMiddleware',
 'scrapy.downloadermiddlewares.stats.DownloaderStats']
2017-08-14 09:29:41 [scrapy.middleware] INFO: Enabled spider middlewares:
['scrapy.spidermiddlewares.httperror.HttpErrorMiddleware',
 'scrapy.spidermiddlewares.offsite.OffsiteMiddleware',
 'scrapy.spidermiddlewares.referer.RefererMiddleware',
 'scrapy.spidermiddlewares.urllength.UrlLengthMiddleware',
 'scrapy.spidermiddlewares.depth.DepthMiddleware']
2017-08-14 09:29:41 [scrapy.middleware] INFO: Enabled item pipelines:
['dongguan_scrapy.pipelines.DongguanScrapyPipeline']
2017-08-14 09:29:41 [scrapy.core.engine] INFO: Spider opened
2017-08-14 09:29:41 [scrapy.extensions.logstats] INFO: Crawled 0 pages (at 0 pages/min), scraped 0 items (at 0 items/min)
2017-08-14 09:29:41 [scrapy.extensions.telnet] DEBUG: Telnet console listening on 127.0.0.1:6023
2017-08-14 09:29:41 [scrapy.core.engine] DEBUG: Crawled (200) <GET http://wz.sun0769.com/index.php/question/questionType?type=4&page=> (referer: None)
2017-08-14 09:29:41 [scrapy.core.engine] DEBUG: Crawled (200) <GET http://wz.sun0769.com/index.php/question/questionType?type=4> (referer: http://wz.sun0769.com/index.php/question/questionType?type=4&page=)
2017-08-14 09:29:41 [scrapy.core.engine] DEBUG: Crawled (200) <GET http://wz.sun0769.com/index.php/question/questionType?type=4&page=90> (referer: http://wz.sun0769.com/index.php/question/questionType?type=4&page=)
2017-08-14 09:29:41 [scrapy.core.engine] DEBUG: Crawled (200) <GET http://wz.sun0769.com/index.php/question/questionType?type=4&page=30> (referer: http://wz.sun0769.com/index.php/question/questionType?type=4&page=)
2017-08-14 09:29:41 [scrapy.core.engine] DEBUG: Crawled (200) <GET http://wz.sun0769.com/index.php/question/questionType?type=4&page=120> (referer: http://wz.sun0769.com/index.php/question/questionType?type=4&page=)
2017-08-14 09:29:41 [scrapy.core.scraper] ERROR: Spider must return Request, BaseItem, dict or None, got 'HtmlResponse' in <GET http://wz.sun0769.com/index.php/question/questionType?type=4>
2017-08-14 09:29:41 [scrapy.dupefilters] DEBUG: Filtered duplicate request: <GET http://wz.sun0769.com/index.php/question/questionType?type=4> - no more duplicates will be shown (see DUPEFILTER_DEBUG to show all duplicates)
2017-08-14 09:29:41 [scrapy.core.scraper] ERROR: Spider must return Request, BaseItem, dict or None, got 'HtmlResponse' in <GET http://wz.sun0769.com/index.php/question/questionType?type=4&page=90>
2017-08-14 09:29:41 [scrapy.core.engine] DEBUG: Crawled (200) <GET http://wz.sun0769.com/index.php/question/questionType?type=4&page=60> (referer: http://wz.sun0769.com/index.php/question/questionType?type=4&page=)
2017-08-14 09:29:41 [scrapy.core.engine] DEBUG: Crawled (200) <GET http://wz.sun0769.com/index.php/question/questionType?type=4&page=78870> (referer: http://wz.sun0769.com/index.php/question/questionType?type=4&page=)
2017-08-14 09:29:41 [scrapy.core.scraper] ERROR: Spider must return Request, BaseItem, dict or None, got 'HtmlResponse' in <GET http://wz.sun0769.com/index.php/question/questionType?type=4&page=30>
2017-08-14 09:29:41 [scrapy.core.scraper] ERROR: Spider must return Request, BaseItem, dict or None, got 'HtmlResponse' in <GET http://wz.sun0769.com/index.php/question/questionType?type=4&page=120>
2017-08-14 09:29:42 [scrapy.core.scraper] ERROR: Spider must return Request, BaseItem, dict or None, got 'HtmlResponse' in <GET http://wz.sun0769.com/index.php/question/questionType?type=4&page=60>
2017-08-14 09:29:42 [scrapy.core.scraper] ERROR: Spider must return Request, BaseItem, dict or None, got 'HtmlResponse' in <GET http://wz.sun0769.com/index.php/question/questionType?type=4&page=78870>
2017-08-14 09:29:42 [scrapy.core.engine] DEBUG: Crawled (200) <GET http://wz.sun0769.com/index.php/question/questionType?type=4&page=180> (referer: http://wz.sun0769.com/index.php/question/questionType?type=4&page=90)
2017-08-14 09:29:42 [scrapy.core.engine] DEBUG: Crawled (200) <GET http://wz.sun0769.com/index.php/question/questionType?type=4&page=150> (referer: http://wz.sun0769.com/index.php/question/questionType?type=4&page=90)
2017-08-14 09:29:42 [scrapy.core.engine] DEBUG: Crawled (200) <GET http://wz.sun0769.com/index.php/question/questionType?type=4&page=240> (referer: http://wz.sun0769.com/index.php/question/questionType?type=4&page=120)
2017-08-14 09:29:42 [scrapy.core.engine] DEBUG: Crawled (200) <GET http://wz.sun0769.com/index.php/question/questionType?type=4&page=> (referer: http://wz.sun0769.com/index.php/question/questionType?type=4&page=90)
2017-08-14 09:29:42 [scrapy.core.engine] DEBUG: Crawled (200) <GET http://wz.sun0769.com/index.php/question/questionType?type=4&page=78840> (referer: http://wz.sun0769.com/index.php/question/questionType?type=4&page=78870)
2017-08-14 09:29:42 [scrapy.core.scraper] ERROR: Spider must return Request, BaseItem, dict or None, got 'HtmlResponse' in <GET http://wz.sun0769.com/index.php/question/questionType?type=4&page=180>
2017-08-14 09:29:42 [scrapy.core.engine] DEBUG: Crawled (200) <GET http://wz.sun0769.com/index.php/question/questionType?type=4&page=210> (referer: http://wz.sun0769.com/index.php/question/questionType?type=4&page=90)
2017-08-14 09:29:42 [scrapy.core.scraper] ERROR: Spider must return Request, BaseItem, dict or None, got 'HtmlResponse' in <GET http://wz.sun0769.com/index.php/question/questionType?type=4&page=150>
2017-08-14 09:29:42 [scrapy.core.engine] DEBUG: Crawled (200) <GET http://wz.sun0769.com/index.php/question/questionType?type=4&page=78780> (referer: http://wz.sun0769.com/index.php/question/questionType?type=4&page=78870)
2017-08-14 09:29:42 [scrapy.core.scraper] ERROR: Spider must return Request, BaseItem, dict or None, got 'HtmlResponse' in <GET http://wz.sun0769.com/index.php/question/questionType?type=4&page=240>
2017-08-14 09:29:42 [scrapy.core.scraper] ERROR: Spider must return Request, BaseItem, dict or None, got 'HtmlResponse' in <GET http://wz.sun0769.com/index.php/question/questionType?type=4&page=>
2017-08-14 09:29:42 [scrapy.core.engine] DEBUG: Crawled (200) <GET http://wz.sun0769.com/index.php/question/questionType?type=4&page=78810> (referer: http://wz.sun0769.com/index.php/question/questionType?type=4&page=78870)
2017-08-14 09:29:42 [scrapy.core.engine] DEBUG: Crawled (200) <GET http://wz.sun0769.com/index.php/question/questionType?type=4&page=78750> (referer: http://wz.sun0769.com/index.php/question/questionType?type=4&page=78870)
2017-08-14 09:29:42 [scrapy.core.scraper] ERROR: Spider must return Request, BaseItem, dict or None, got 'HtmlResponse' in <GET http://wz.sun0769.com/index.php/question/questionType?type=4&page=78840>
2017-08-14 09:29:42 [scrapy.core.scraper] ERROR: Spider must return Request, BaseItem, dict or None, got 'HtmlResponse' in <GET http://wz.sun0769.com/index.php/question/questionType?type=4&page=210>
2017-08-14 09:29:42 [scrapy.core.scraper] ERROR: Spider must return Request, BaseItem, dict or None, got 'HtmlResponse' in <GET http://wz.sun0769.com/index.php/question/questionType?type=4&page=78780>
2017-08-14 09:29:42 [scrapy.core.scraper] ERROR: Spider must return Request, BaseItem, dict or None, got 'HtmlResponse' in <GET http://wz.sun0769.com/index.php/question/questionType?type=4&page=78810>
2017-08-14 09:29:42 [scrapy.core.scraper] ERROR: Spider must return Request, BaseItem, dict or None, got 'HtmlResponse' in <GET http://wz.sun0769.com/index.php/question/questionType?type=4&page=78750>
2017-08-14 09:29:42 [scrapy.core.engine] DEBUG: Crawled (200) <GET http://wz.sun0769.com/index.php/question/questionType?type=4&page=270> (referer: http://wz.sun0769.com/index.php/question/questionType?type=4&page=180)
2017-08-14 09:29:42 [scrapy.core.engine] DEBUG: Crawled (200) <GET http://wz.sun0769.com/index.php/question/questionType?type=4&page=330> (referer: http://wz.sun0769.com/index.php/question/questionType?type=4&page=240)
2017-08-14 09:29:42 [scrapy.core.engine] DEBUG: Crawled (200) <GET http://wz.sun0769.com/index.php/question/questionType?type=4&page=300> (referer: http://wz.sun0769.com/index.php/question/questionType?type=4&page=180)
2017-08-14 09:29:42 [scrapy.core.scraper] ERROR: Spider must return Request, BaseItem, dict or None, got 'HtmlResponse' in <GET http://wz.sun0769.com/index.php/question/questionType?type=4&page=270>
2017-08-14 09:29:42 [scrapy.core.engine] DEBUG: Crawled (200) <GET http://wz.sun0769.com/index.php/question/questionType?type=4&page=78720> (referer: http://wz.sun0769.com/index.php/question/questionType?type=4&page=78840)
2017-08-14 09:29:42 [scrapy.core.engine] DEBUG: Crawled (200) <GET http://wz.sun0769.com/index.php/question/questionType?type=4&page=78660> (referer: http://wz.sun0769.com/index.php/question/questionType?type=4&page=78780)
2017-08-14 09:29:42 [scrapy.core.scraper] ERROR: Spider must return Request, BaseItem, dict or None, got 'HtmlResponse' in <GET http://wz.sun0769.com/index.php/question/questionType?type=4&page=330>
2017-08-14 09:29:42 [scrapy.core.scraper] ERROR: Spider must return Request, BaseItem, dict or None, got 'HtmlResponse' in <GET http://wz.sun0769.com/index.php/question/questionType?type=4&page=300>
2017-08-14 09:29:42 [scrapy.core.engine] DEBUG: Crawled (200) <GET http://wz.sun0769.com/index.php/question/questionType?type=4&page=360> (referer: http://wz.sun0769.com/index.php/question/questionType?type=4&page=240)
2017-08-14 09:29:42 [scrapy.core.scraper] ERROR: Spider must return Request, BaseItem, dict or None, got 'HtmlResponse' in <GET http://wz.sun0769.com/index.php/question/questionType?type=4&page=78720>
2017-08-14 09:29:42 [scrapy.core.scraper] ERROR: Spider must return Request, BaseItem, dict or None, got 'HtmlResponse' in <GET http://wz.sun0769.com/index.php/question/questionType?type=4&page=78660>
2017-08-14 09:29:42 [scrapy.core.scraper] ERROR: Spider must return Request, BaseItem, dict or None, got 'HtmlResponse' in <GET http://wz.sun0769.com/index.php/question/questionType?type=4&page=360>
2017-08-14 09:29:42 [scrapy.core.engine] DEBUG: Crawled (200) <GET http://wz.sun0769.com/index.php/question/questionType?type=4&page=78690> (referer: http://wz.sun0769.com/index.php/question/questionType?type=4&page=78780)
2017-08-14 09:29:43 [scrapy.core.scraper] ERROR: Spider must return Request, BaseItem, dict or None, got 'HtmlResponse' in <GET http://wz.sun0769.com/index.php/question/questionType?type=4&page=78690>
2017-08-14 09:29:44 [scrapy.core.engine] DEBUG: Crawled (200) <GET http://wz.sun0769.com/index.php/question/questionType?type=4&page=78630> (referer: http://wz.sun0769.com/index.php/question/questionType?type=4&page=78750)
2017-08-14 09:29:44 [scrapy.core.engine] DEBUG: Crawled (200) <GET http://wz.sun0769.com/index.php/question/questionType?type=4&page=420> (referer: http://wz.sun0769.com/index.php/question/questionType?type=4&page=330)
2017-08-14 09:29:44 [scrapy.core.scraper] ERROR: Spider must return Request, BaseItem, dict or None, got 'HtmlResponse' in <GET http://wz.sun0769.com/index.php/question/questionType?type=4&page=78630>
2017-08-14 09:29:44 [scrapy.core.scraper] ERROR: Spider must return Request, BaseItem, dict or None, got 'HtmlResponse' in <GET http://wz.sun0769.com/index.php/question/questionType?type=4&page=420>
2017-08-14 09:29:46 [scrapy.core.engine] DEBUG: Crawled (200) <GET http://wz.sun0769.com/index.php/question/questionType?type=4&page=78600> (referer: http://wz.sun0769.com/index.php/question/questionType?type=4&page=78720)
2017-08-14 09:29:46 [scrapy.core.scraper] ERROR: Spider must return Request, BaseItem, dict or None, got 'HtmlResponse' in <GET http://wz.sun0769.com/index.php/question/questionType?type=4&page=78600>
2017-08-14 09:29:48 [scrapy.core.engine] DEBUG: Crawled (200) <GET http://wz.sun0769.com/index.php/question/questionType?type=4&page=78510> (referer: http://wz.sun0769.com/index.php/question/questionType?type=4&page=78630)
2017-08-14 09:29:48 [scrapy.core.scraper] ERROR: Spider must return Request, BaseItem, dict or None, got 'HtmlResponse' in <GET http://wz.sun0769.com/index.php/question/questionType?type=4&page=78510>
2017-08-14 09:29:48 [scrapy.core.engine] DEBUG: Crawled (200) <GET http://wz.sun0769.com/index.php/question/questionType?type=4&page=480> (referer: http://wz.sun0769.com/index.php/question/questionType?type=4&page=360)
2017-08-14 09:29:48 [scrapy.core.scraper] ERROR: Spider must return Request, BaseItem, dict or None, got 'HtmlResponse' in <GET http://wz.sun0769.com/index.php/question/questionType?type=4&page=480>
2017-08-14 09:29:49 [scrapy.core.engine] DEBUG: Crawled (200) <GET http://wz.sun0769.com/index.php/question/questionType?type=4&page=78540> (referer: http://wz.sun0769.com/index.php/question/questionType?type=4&page=78660)
2017-08-14 09:29:50 [scrapy.core.scraper] ERROR: Spider must return Request, BaseItem, dict or None, got 'HtmlResponse' in <GET http://wz.sun0769.com/index.php/question/questionType?type=4&page=78540>
2017-08-14 09:29:59 [scrapy.utils.log] INFO: Scrapy 1.4.0 started (bot: dongguan_scrapy)
2017-08-14 09:29:59 [scrapy.utils.log] INFO: Overridden settings: {'NEWSPIDER_MODULE': 'dongguan_scrapy.spiders', 'SPIDER_MODULES': ['dongguan_scrapy.spiders'], 'LOG_FILE': 'dongguanlog.log', 'BOT_NAME': 'dongguan_scrapy'}
2017-08-14 09:29:59 [scrapy.middleware] INFO: Enabled extensions:
['scrapy.extensions.logstats.LogStats',
 'scrapy.extensions.telnet.TelnetConsole',
 'scrapy.extensions.corestats.CoreStats']
2017-08-14 09:29:59 [scrapy.middleware] INFO: Enabled downloader middlewares:
['scrapy.downloadermiddlewares.httpauth.HttpAuthMiddleware',
 'scrapy.downloadermiddlewares.downloadtimeout.DownloadTimeoutMiddleware',
 'scrapy.downloadermiddlewares.defaultheaders.DefaultHeadersMiddleware',
 'scrapy.downloadermiddlewares.useragent.UserAgentMiddleware',
 'scrapy.downloadermiddlewares.retry.RetryMiddleware',
 'scrapy.downloadermiddlewares.redirect.MetaRefreshMiddleware',
 'scrapy.downloadermiddlewares.httpcompression.HttpCompressionMiddleware',
 'scrapy.downloadermiddlewares.redirect.RedirectMiddleware',
 'scrapy.downloadermiddlewares.cookies.CookiesMiddleware',
 'scrapy.downloadermiddlewares.httpproxy.HttpProxyMiddleware',
 'scrapy.downloadermiddlewares.stats.DownloaderStats']
2017-08-14 09:29:59 [scrapy.middleware] INFO: Enabled spider middlewares:
['scrapy.spidermiddlewares.httperror.HttpErrorMiddleware',
 'scrapy.spidermiddlewares.offsite.OffsiteMiddleware',
 'scrapy.spidermiddlewares.referer.RefererMiddleware',
 'scrapy.spidermiddlewares.urllength.UrlLengthMiddleware',
 'scrapy.spidermiddlewares.depth.DepthMiddleware']
2017-08-14 09:29:59 [scrapy.middleware] INFO: Enabled item pipelines:
['dongguan_scrapy.pipelines.DongguanScrapyPipeline']
2017-08-14 09:29:59 [scrapy.core.engine] INFO: Spider opened
2017-08-14 09:29:59 [scrapy.extensions.logstats] INFO: Crawled 0 pages (at 0 pages/min), scraped 0 items (at 0 items/min)
2017-08-14 09:29:59 [scrapy.extensions.telnet] DEBUG: Telnet console listening on 127.0.0.1:6023
2017-08-14 09:29:59 [scrapy.core.engine] DEBUG: Crawled (200) <GET http://wz.sun0769.com/index.php/question/questionType?type=4&page=> (referer: None)
2017-08-14 09:30:00 [scrapy.core.engine] DEBUG: Crawled (200) <GET http://wz.sun0769.com/index.php/question/questionType?type=4> (referer: http://wz.sun0769.com/index.php/question/questionType?type=4&page=)
2017-08-14 09:30:00 [scrapy.core.engine] DEBUG: Crawled (200) <GET http://wz.sun0769.com/index.php/question/questionType?type=4&page=78870> (referer: http://wz.sun0769.com/index.php/question/questionType?type=4&page=)
2017-08-14 09:30:00 [scrapy.core.engine] DEBUG: Crawled (200) <GET http://wz.sun0769.com/index.php/question/questionType?type=4&page=120> (referer: http://wz.sun0769.com/index.php/question/questionType?type=4&page=)
2017-08-14 09:30:00 [scrapy.core.engine] DEBUG: Crawled (200) <GET http://wz.sun0769.com/index.php/question/questionType?type=4&page=60> (referer: http://wz.sun0769.com/index.php/question/questionType?type=4&page=)
2017-08-14 09:30:00 [scrapy.core.engine] DEBUG: Crawled (200) <GET http://wz.sun0769.com/index.php/question/questionType?type=4&page=30> (referer: http://wz.sun0769.com/index.php/question/questionType?type=4&page=)
2017-08-14 09:30:00 [scrapy.dupefilters] DEBUG: Filtered duplicate request: <GET http://wz.sun0769.com/index.php/question/questionType?type=4> - no more duplicates will be shown (see DUPEFILTER_DEBUG to show all duplicates)
2017-08-14 09:30:00 [scrapy.core.engine] DEBUG: Crawled (200) <GET http://wz.sun0769.com/index.php/question/questionType?type=4&page=90> (referer: http://wz.sun0769.com/index.php/question/questionType?type=4&page=)
2017-08-14 09:30:00 [scrapy.core.engine] DEBUG: Crawled (200) <GET http://wz.sun0769.com/index.php/question/questionType?type=4&page=> (referer: http://wz.sun0769.com/index.php/question/questionType?type=4&page=78870)
2017-08-14 09:30:00 [scrapy.core.engine] DEBUG: Crawled (200) <GET http://wz.sun0769.com/index.php/question/questionType?type=4&page=78780> (referer: http://wz.sun0769.com/index.php/question/questionType?type=4&page=78870)
2017-08-14 09:30:00 [scrapy.core.engine] DEBUG: Crawled (200) <GET http://wz.sun0769.com/index.php/question/questionType?type=4&page=78750> (referer: http://wz.sun0769.com/index.php/question/questionType?type=4&page=78870)
2017-08-14 09:30:00 [scrapy.core.engine] DEBUG: Crawled (200) <GET http://wz.sun0769.com/index.php/question/questionType?type=4&page=240> (referer: http://wz.sun0769.com/index.php/question/questionType?type=4&page=120)
2017-08-14 09:30:00 [scrapy.core.engine] DEBUG: Crawled (200) <GET http://wz.sun0769.com/index.php/question/questionType?type=4&page=210> (referer: http://wz.sun0769.com/index.php/question/questionType?type=4&page=120)
2017-08-14 09:30:00 [scrapy.core.engine] DEBUG: Crawled (200) <GET http://wz.sun0769.com/index.php/question/questionType?type=4&page=180> (referer: http://wz.sun0769.com/index.php/question/questionType?type=4&page=120)
2017-08-14 09:30:00 [scrapy.core.engine] DEBUG: Crawled (200) <GET http://wz.sun0769.com/index.php/question/questionType?type=4&page=150> (referer: http://wz.sun0769.com/index.php/question/questionType?type=4&page=120)
2017-08-14 09:30:00 [scrapy.core.engine] DEBUG: Crawled (200) <GET http://wz.sun0769.com/index.php/question/questionType?type=4&page=78690> (referer: http://wz.sun0769.com/index.php/question/questionType?type=4&page=78780)
2017-08-14 09:30:00 [scrapy.core.engine] DEBUG: Crawled (200) <GET http://wz.sun0769.com/index.php/question/questionType?type=4&page=78720> (referer: http://wz.sun0769.com/index.php/question/questionType?type=4&page=78780)
2017-08-14 09:30:00 [scrapy.core.engine] DEBUG: Crawled (200) <GET http://wz.sun0769.com/index.php/question/questionType?type=4&page=78630> (referer: http://wz.sun0769.com/index.php/question/questionType?type=4&page=78750)
2017-08-14 09:30:00 [scrapy.core.engine] DEBUG: Crawled (200) <GET http://wz.sun0769.com/index.php/question/questionType?type=4&page=78660> (referer: http://wz.sun0769.com/index.php/question/questionType?type=4&page=78780)
2017-08-14 09:30:00 [scrapy.core.engine] DEBUG: Crawled (200) <GET http://wz.sun0769.com/index.php/question/questionType?type=4&page=330> (referer: http://wz.sun0769.com/index.php/question/questionType?type=4&page=210)
2017-08-14 09:30:01 [scrapy.core.engine] DEBUG: Crawled (200) <GET http://wz.sun0769.com/index.php/question/questionType?type=4&page=300> (referer: http://wz.sun0769.com/index.php/question/questionType?type=4&page=210)
2017-08-14 09:30:01 [scrapy.core.engine] DEBUG: Crawled (200) <GET http://wz.sun0769.com/index.php/question/questionType?type=4&page=360> (referer: http://wz.sun0769.com/index.php/question/questionType?type=4&page=240)
2017-08-14 09:30:01 [scrapy.core.engine] DEBUG: Crawled (200) <GET http://wz.sun0769.com/index.php/question/questionType?type=4&page=270> (referer: http://wz.sun0769.com/index.php/question/questionType?type=4&page=210)
2017-08-14 09:30:01 [scrapy.core.engine] DEBUG: Crawled (200) <GET http://wz.sun0769.com/index.php/question/questionType?type=4&page=78570> (referer: http://wz.sun0769.com/index.php/question/questionType?type=4&page=78690)
2017-08-14 09:30:01 [scrapy.core.engine] DEBUG: Crawled (200) <GET http://wz.sun0769.com/index.php/question/questionType?type=4&page=78600> (referer: http://wz.sun0769.com/index.php/question/questionType?type=4&page=78690)
2017-08-14 09:30:01 [scrapy.core.engine] DEBUG: Crawled (200) <GET http://wz.sun0769.com/index.php/question/questionType?type=4&page=78510> (referer: http://wz.sun0769.com/index.php/question/questionType?type=4&page=78630)
2017-08-14 09:30:01 [scrapy.core.engine] DEBUG: Crawled (200) <GET http://wz.sun0769.com/index.php/question/questionType?type=4&page=78540> (referer: http://wz.sun0769.com/index.php/question/questionType?type=4&page=78630)
2017-08-14 09:30:01 [scrapy.core.engine] DEBUG: Crawled (200) <GET http://wz.sun0769.com/index.php/question/questionType?type=4&page=420> (referer: http://wz.sun0769.com/index.php/question/questionType?type=4&page=330)
2017-08-14 09:30:01 [scrapy.core.engine] DEBUG: Crawled (200) <GET http://wz.sun0769.com/index.php/question/questionType?type=4&page=390> (referer: http://wz.sun0769.com/index.php/question/questionType?type=4&page=330)
2017-08-14 09:30:01 [scrapy.core.engine] DEBUG: Crawled (200) <GET http://wz.sun0769.com/index.php/question/questionType?type=4&page=450> (referer: http://wz.sun0769.com/index.php/question/questionType?type=4&page=330)
2017-08-14 09:30:01 [scrapy.core.engine] DEBUG: Crawled (200) <GET http://wz.sun0769.com/index.php/question/questionType?type=4&page=480> (referer: http://wz.sun0769.com/index.php/question/questionType?type=4&page=360)
2017-08-14 09:30:01 [scrapy.core.engine] DEBUG: Crawled (200) <GET http://wz.sun0769.com/index.php/question/questionType?type=4&page=78450> (referer: http://wz.sun0769.com/index.php/question/questionType?type=4&page=78570)
2017-08-14 09:30:01 [scrapy.core.engine] DEBUG: Crawled (200) <GET http://wz.sun0769.com/index.php/question/questionType?type=4&page=78480> (referer: http://wz.sun0769.com/index.php/question/questionType?type=4&page=78570)
2017-08-14 09:30:01 [scrapy.core.engine] DEBUG: Crawled (200) <GET http://wz.sun0769.com/index.php/question/questionType?type=4&page=78420> (referer: http://wz.sun0769.com/index.php/question/questionType?type=4&page=78510)
2017-08-14 09:30:03 [scrapy.core.engine] DEBUG: Crawled (200) <GET http://wz.sun0769.com/index.php/question/questionType?type=4&page=78840> (referer: http://wz.sun0769.com/index.php/question/questionType?type=4&page=78870)
2017-08-14 09:30:03 [scrapy.core.engine] DEBUG: Crawled (200) <GET http://wz.sun0769.com/index.php/question/questionType?type=4&page=78810> (referer: http://wz.sun0769.com/index.php/question/questionType?type=4&page=78870)
2017-08-14 09:30:03 [scrapy.core.engine] DEBUG: Crawled (200) <GET http://wz.sun0769.com/index.php/question/questionType?type=4&page=78390> (referer: http://wz.sun0769.com/index.php/question/questionType?type=4&page=78510)
2017-08-14 09:30:50 [scrapy.utils.log] INFO: Scrapy 1.4.0 started (bot: dongguan_scrapy)
2017-08-14 09:30:50 [scrapy.utils.log] INFO: Overridden settings: {'NEWSPIDER_MODULE': 'dongguan_scrapy.spiders', 'SPIDER_MODULES': ['dongguan_scrapy.spiders'], 'LOG_FILE': 'dongguanlog.log', 'BOT_NAME': 'dongguan_scrapy'}
2017-08-14 09:30:50 [scrapy.middleware] INFO: Enabled extensions:
['scrapy.extensions.logstats.LogStats',
 'scrapy.extensions.telnet.TelnetConsole',
 'scrapy.extensions.corestats.CoreStats']
2017-08-14 09:30:50 [scrapy.middleware] INFO: Enabled downloader middlewares:
['scrapy.downloadermiddlewares.httpauth.HttpAuthMiddleware',
 'scrapy.downloadermiddlewares.downloadtimeout.DownloadTimeoutMiddleware',
 'scrapy.downloadermiddlewares.defaultheaders.DefaultHeadersMiddleware',
 'scrapy.downloadermiddlewares.useragent.UserAgentMiddleware',
 'scrapy.downloadermiddlewares.retry.RetryMiddleware',
 'scrapy.downloadermiddlewares.redirect.MetaRefreshMiddleware',
 'scrapy.downloadermiddlewares.httpcompression.HttpCompressionMiddleware',
 'scrapy.downloadermiddlewares.redirect.RedirectMiddleware',
 'scrapy.downloadermiddlewares.cookies.CookiesMiddleware',
 'scrapy.downloadermiddlewares.httpproxy.HttpProxyMiddleware',
 'scrapy.downloadermiddlewares.stats.DownloaderStats']
2017-08-14 09:30:50 [scrapy.middleware] INFO: Enabled spider middlewares:
['scrapy.spidermiddlewares.httperror.HttpErrorMiddleware',
 'scrapy.spidermiddlewares.offsite.OffsiteMiddleware',
 'scrapy.spidermiddlewares.referer.RefererMiddleware',
 'scrapy.spidermiddlewares.urllength.UrlLengthMiddleware',
 'scrapy.spidermiddlewares.depth.DepthMiddleware']
2017-08-14 09:30:50 [scrapy.middleware] INFO: Enabled item pipelines:
['dongguan_scrapy.pipelines.DongguanScrapyPipeline']
2017-08-14 09:30:50 [scrapy.core.engine] INFO: Spider opened
2017-08-14 09:30:50 [scrapy.extensions.logstats] INFO: Crawled 0 pages (at 0 pages/min), scraped 0 items (at 0 items/min)
2017-08-14 09:30:50 [scrapy.extensions.telnet] DEBUG: Telnet console listening on 127.0.0.1:6023
2017-08-14 09:30:51 [scrapy.core.engine] DEBUG: Crawled (200) <GET http://wz.sun0769.com/index.php/question/questionType?type=4&page=> (referer: None)
2017-08-14 09:30:51 [scrapy.core.engine] DEBUG: Crawled (200) <GET http://wz.sun0769.com/index.php/question/questionType?type=4&page=30> (referer: http://wz.sun0769.com/index.php/question/questionType?type=4&page=)
2017-08-14 09:30:51 [scrapy.core.engine] DEBUG: Crawled (200) <GET http://wz.sun0769.com/index.php/question/questionType?type=4&page=90> (referer: http://wz.sun0769.com/index.php/question/questionType?type=4&page=)
2017-08-14 09:30:51 [scrapy.core.engine] DEBUG: Crawled (200) <GET http://wz.sun0769.com/index.php/question/questionType?type=4&page=60> (referer: http://wz.sun0769.com/index.php/question/questionType?type=4&page=)
2017-08-14 09:30:51 [scrapy.core.engine] DEBUG: Crawled (200) <GET http://wz.sun0769.com/index.php/question/questionType?type=4&page=120> (referer: http://wz.sun0769.com/index.php/question/questionType?type=4&page=)
2017-08-14 09:30:51 [scrapy.dupefilters] DEBUG: Filtered duplicate request: <GET http://wz.sun0769.com/index.php/question/questionType?type=4> - no more duplicates will be shown (see DUPEFILTER_DEBUG to show all duplicates)
2017-08-14 09:30:51 [scrapy.core.engine] DEBUG: Crawled (200) <GET http://wz.sun0769.com/index.php/question/questionType?type=4&page=78870> (referer: http://wz.sun0769.com/index.php/question/questionType?type=4&page=)
2017-08-14 09:30:51 [scrapy.core.engine] DEBUG: Crawled (200) <GET http://wz.sun0769.com/index.php/question/questionType?type=4> (referer: http://wz.sun0769.com/index.php/question/questionType?type=4&page=)
2017-08-14 09:30:52 [scrapy.core.engine] DEBUG: Crawled (200) <GET http://wz.sun0769.com/index.php/question/questionType?type=4&page=150> (referer: http://wz.sun0769.com/index.php/question/questionType?type=4&page=30)
2017-08-14 09:30:52 [scrapy.core.engine] DEBUG: Crawled (200) <GET http://wz.sun0769.com/index.php/question/questionType?type=4&page=> (referer: http://wz.sun0769.com/index.php/question/questionType?type=4&page=30)
2017-08-14 09:30:52 [scrapy.core.engine] DEBUG: Crawled (200) <GET http://wz.sun0769.com/index.php/question/questionType?type=4&page=78840> (referer: http://wz.sun0769.com/index.php/question/questionType?type=4&page=78870)
2017-08-14 09:30:52 [scrapy.core.engine] DEBUG: Crawled (200) <GET http://wz.sun0769.com/index.php/question/questionType?type=4&page=180> (referer: http://wz.sun0769.com/index.php/question/questionType?type=4&page=90)
2017-08-14 09:30:52 [scrapy.core.engine] DEBUG: Crawled (200) <GET http://wz.sun0769.com/index.php/question/questionType?type=4&page=210> (referer: http://wz.sun0769.com/index.php/question/questionType?type=4&page=90)
2017-08-14 09:30:52 [scrapy.core.engine] DEBUG: Crawled (200) <GET http://wz.sun0769.com/index.php/question/questionType?type=4&page=240> (referer: http://wz.sun0769.com/index.php/question/questionType?type=4&page=120)
2017-08-14 09:30:52 [scrapy.core.engine] DEBUG: Crawled (200) <GET http://wz.sun0769.com/index.php/question/questionType?type=4&page=78780> (referer: http://wz.sun0769.com/index.php/question/questionType?type=4&page=78870)
2017-08-14 09:30:52 [scrapy.core.engine] DEBUG: Crawled (200) <GET http://wz.sun0769.com/index.php/question/questionType?type=4&page=78750> (referer: http://wz.sun0769.com/index.php/question/questionType?type=4&page=78870)
2017-08-14 09:30:52 [scrapy.core.engine] DEBUG: Crawled (200) <GET http://wz.sun0769.com/index.php/question/questionType?type=4&page=78810> (referer: http://wz.sun0769.com/index.php/question/questionType?type=4&page=78870)
2017-08-14 09:30:52 [scrapy.core.engine] DEBUG: Crawled (200) <GET http://wz.sun0769.com/index.php/question/questionType?type=4&page=270> (referer: http://wz.sun0769.com/index.php/question/questionType?type=4&page=150)
2017-08-14 09:30:52 [scrapy.core.engine] DEBUG: Crawled (200) <GET http://wz.sun0769.com/index.php/question/questionType?type=4&page=330> (referer: http://wz.sun0769.com/index.php/question/questionType?type=4&page=210)
2017-08-14 09:30:52 [scrapy.core.engine] DEBUG: Crawled (200) <GET http://wz.sun0769.com/index.php/question/questionType?type=4&page=78660> (referer: http://wz.sun0769.com/index.php/question/questionType?type=4&page=78780)
2017-08-14 09:30:52 [scrapy.core.engine] DEBUG: Crawled (200) <GET http://wz.sun0769.com/index.php/question/questionType?type=4&page=78720> (referer: http://wz.sun0769.com/index.php/question/questionType?type=4&page=78840)
2017-08-14 09:30:52 [scrapy.core.engine] DEBUG: Crawled (200) <GET http://wz.sun0769.com/index.php/question/questionType?type=4&page=360> (referer: http://wz.sun0769.com/index.php/question/questionType?type=4&page=240)
2017-08-14 09:30:52 [scrapy.core.engine] DEBUG: Crawled (200) <GET http://wz.sun0769.com/index.php/question/questionType?type=4&page=300> (referer: http://wz.sun0769.com/index.php/question/questionType?type=4&page=180)
2017-08-14 09:30:52 [scrapy.core.engine] DEBUG: Crawled (200) <GET http://wz.sun0769.com/index.php/question/questionType?type=4&page=78690> (referer: http://wz.sun0769.com/index.php/question/questionType?type=4&page=78780)
2017-08-14 09:30:53 [scrapy.core.engine] DEBUG: Crawled (200) <GET http://wz.sun0769.com/index.php/question/questionType?type=4&page=390> (referer: http://wz.sun0769.com/index.php/question/questionType?type=4&page=270)
2017-08-14 09:30:53 [scrapy.core.engine] DEBUG: Crawled (200) <GET http://wz.sun0769.com/index.php/question/questionType?type=4&page=450> (referer: http://wz.sun0769.com/index.php/question/questionType?type=4&page=330)
2017-08-14 09:30:53 [scrapy.core.engine] DEBUG: Crawled (200) <GET http://wz.sun0769.com/index.php/question/questionType?type=4&page=78570> (referer: http://wz.sun0769.com/index.php/question/questionType?type=4&page=78660)
2017-08-14 09:30:53 [scrapy.core.engine] DEBUG: Crawled (200) <GET http://wz.sun0769.com/index.php/question/questionType?type=4&page=420> (referer: http://wz.sun0769.com/index.php/question/questionType?type=4&page=330)
2017-08-14 09:30:53 [scrapy.core.engine] DEBUG: Crawled (200) <GET http://wz.sun0769.com/index.php/question/questionType?type=4&page=78540> (referer: http://wz.sun0769.com/index.php/question/questionType?type=4&page=78660)
2017-08-14 09:30:53 [scrapy.core.engine] DEBUG: Crawled (200) <GET http://wz.sun0769.com/index.php/question/questionType?type=4&page=78600> (referer: http://wz.sun0769.com/index.php/question/questionType?type=4&page=78660)
2017-08-14 09:30:53 [scrapy.core.engine] DEBUG: Crawled (200) <GET http://wz.sun0769.com/index.php/question/questionType?type=4&page=480> (referer: http://wz.sun0769.com/index.php/question/questionType?type=4&page=360)
2017-08-14 09:30:53 [scrapy.core.engine] DEBUG: Crawled (200) <GET http://wz.sun0769.com/index.php/question/questionType?type=4&page=78630> (referer: http://wz.sun0769.com/index.php/question/questionType?type=4&page=78750)
2017-08-14 09:30:53 [scrapy.core.engine] DEBUG: Crawled (200) <GET http://wz.sun0769.com/index.php/question/questionType?type=4&page=510> (referer: http://wz.sun0769.com/index.php/question/questionType?type=4&page=390)
2017-08-14 09:30:53 [scrapy.core.engine] DEBUG: Crawled (200) <GET http://wz.sun0769.com/index.php/question/questionType?type=4&page=570> (referer: http://wz.sun0769.com/index.php/question/questionType?type=4&page=450)
2017-08-14 09:30:53 [scrapy.core.engine] DEBUG: Crawled (200) <GET http://wz.sun0769.com/index.php/question/questionType?type=4&page=78480> (referer: http://wz.sun0769.com/index.php/question/questionType?type=4&page=78570)
2017-08-14 09:30:53 [scrapy.core.engine] DEBUG: Crawled (200) <GET http://wz.sun0769.com/index.php/question/questionType?type=4&page=78450> (referer: http://wz.sun0769.com/index.php/question/questionType?type=4&page=78570)
2017-08-14 09:30:53 [scrapy.core.engine] DEBUG: Crawled (200) <GET http://wz.sun0769.com/index.php/question/questionType?type=4&page=78510> (referer: http://wz.sun0769.com/index.php/question/questionType?type=4&page=78570)
2017-08-14 09:30:53 [scrapy.core.engine] DEBUG: Crawled (200) <GET http://wz.sun0769.com/index.php/question/questionType?type=4&page=540> (referer: http://wz.sun0769.com/index.php/question/questionType?type=4&page=450)
2017-08-14 09:30:53 [scrapy.core.engine] DEBUG: Crawled (200) <GET http://wz.sun0769.com/index.php/question/questionType?type=4&page=600> (referer: http://wz.sun0769.com/index.php/question/questionType?type=4&page=480)
2017-08-14 09:30:53 [scrapy.core.engine] DEBUG: Crawled (200) <GET http://wz.sun0769.com/index.php/question/questionType?type=4&page=78420> (referer: http://wz.sun0769.com/index.php/question/questionType?type=4&page=78540)
2017-08-14 09:30:53 [scrapy.core.engine] DEBUG: Crawled (200) <GET http://wz.sun0769.com/index.php/question/questionType?type=4&page=690> (referer: http://wz.sun0769.com/index.php/question/questionType?type=4&page=570)
2017-08-14 09:30:53 [scrapy.core.engine] DEBUG: Crawled (200) <GET http://wz.sun0769.com/index.php/question/questionType?type=4&page=78390> (referer: http://wz.sun0769.com/index.php/question/questionType?type=4&page=78480)
2017-08-14 09:30:53 [scrapy.core.engine] DEBUG: Crawled (200) <GET http://wz.sun0769.com/index.php/question/questionType?type=4&page=78360> (referer: http://wz.sun0769.com/index.php/question/questionType?type=4&page=78480)
2017-08-14 09:30:53 [scrapy.core.engine] DEBUG: Crawled (200) <GET http://wz.sun0769.com/index.php/question/questionType?type=4&page=660> (referer: http://wz.sun0769.com/index.php/question/questionType?type=4&page=570)
2017-08-14 09:30:53 [scrapy.core.engine] DEBUG: Crawled (200) <GET http://wz.sun0769.com/index.php/question/questionType?type=4&page=78330> (referer: http://wz.sun0769.com/index.php/question/questionType?type=4&page=78450)
2017-08-14 09:30:54 [scrapy.core.engine] DEBUG: Crawled (200) <GET http://wz.sun0769.com/index.php/question/questionType?type=4&page=720> (referer: http://wz.sun0769.com/index.php/question/questionType?type=4&page=600)
2017-08-14 09:30:54 [scrapy.core.engine] DEBUG: Crawled (200) <GET http://wz.sun0769.com/index.php/question/questionType?type=4&page=78300> (referer: http://wz.sun0769.com/index.php/question/questionType?type=4&page=78420)
2017-08-14 09:30:54 [scrapy.core.engine] DEBUG: Crawled (200) <GET http://wz.sun0769.com/index.php/question/questionType?type=4&page=630> (referer: http://wz.sun0769.com/index.php/question/questionType?type=4&page=510)
2017-08-14 09:30:54 [scrapy.core.engine] DEBUG: Crawled (200) <GET http://wz.sun0769.com/index.php/question/questionType?type=4&page=750> (referer: http://wz.sun0769.com/index.php/question/questionType?type=4&page=690)
2017-08-14 09:30:54 [scrapy.core.engine] DEBUG: Crawled (200) <GET http://wz.sun0769.com/index.php/question/questionType?type=4&page=810> (referer: http://wz.sun0769.com/index.php/question/questionType?type=4&page=690)
2017-08-14 09:30:54 [scrapy.core.engine] DEBUG: Crawled (200) <GET http://wz.sun0769.com/index.php/question/questionType?type=4&page=78270> (referer: http://wz.sun0769.com/index.php/question/questionType?type=4&page=78390)
2017-08-14 09:30:54 [scrapy.core.engine] DEBUG: Crawled (200) <GET http://wz.sun0769.com/index.php/question/questionType?type=4&page=780> (referer: http://wz.sun0769.com/index.php/question/questionType?type=4&page=690)
2017-08-14 09:30:56 [scrapy.core.engine] DEBUG: Crawled (200) <GET http://wz.sun0769.com/index.php/question/questionType?type=4&page=78240> (referer: http://wz.sun0769.com/index.php/question/questionType?type=4&page=78360)
2017-08-14 09:31:03 [scrapy.utils.log] INFO: Scrapy 1.4.0 started (bot: dongguan_scrapy)
2017-08-14 09:31:03 [scrapy.utils.log] INFO: Overridden settings: {'NEWSPIDER_MODULE': 'dongguan_scrapy.spiders', 'SPIDER_MODULES': ['dongguan_scrapy.spiders'], 'LOG_FILE': 'dongguanlog.log', 'BOT_NAME': 'dongguan_scrapy'}
2017-08-14 09:31:03 [scrapy.middleware] INFO: Enabled extensions:
['scrapy.extensions.logstats.LogStats',
 'scrapy.extensions.telnet.TelnetConsole',
 'scrapy.extensions.corestats.CoreStats']
2017-08-14 09:31:03 [scrapy.middleware] INFO: Enabled downloader middlewares:
['scrapy.downloadermiddlewares.httpauth.HttpAuthMiddleware',
 'scrapy.downloadermiddlewares.downloadtimeout.DownloadTimeoutMiddleware',
 'scrapy.downloadermiddlewares.defaultheaders.DefaultHeadersMiddleware',
 'scrapy.downloadermiddlewares.useragent.UserAgentMiddleware',
 'scrapy.downloadermiddlewares.retry.RetryMiddleware',
 'scrapy.downloadermiddlewares.redirect.MetaRefreshMiddleware',
 'scrapy.downloadermiddlewares.httpcompression.HttpCompressionMiddleware',
 'scrapy.downloadermiddlewares.redirect.RedirectMiddleware',
 'scrapy.downloadermiddlewares.cookies.CookiesMiddleware',
 'scrapy.downloadermiddlewares.httpproxy.HttpProxyMiddleware',
 'scrapy.downloadermiddlewares.stats.DownloaderStats']
2017-08-14 09:31:03 [scrapy.middleware] INFO: Enabled spider middlewares:
['scrapy.spidermiddlewares.httperror.HttpErrorMiddleware',
 'scrapy.spidermiddlewares.offsite.OffsiteMiddleware',
 'scrapy.spidermiddlewares.referer.RefererMiddleware',
 'scrapy.spidermiddlewares.urllength.UrlLengthMiddleware',
 'scrapy.spidermiddlewares.depth.DepthMiddleware']
2017-08-14 09:31:03 [scrapy.middleware] INFO: Enabled item pipelines:
['dongguan_scrapy.pipelines.DongguanScrapyPipeline']
2017-08-14 09:31:03 [scrapy.core.engine] INFO: Spider opened
2017-08-14 09:31:03 [scrapy.extensions.logstats] INFO: Crawled 0 pages (at 0 pages/min), scraped 0 items (at 0 items/min)
2017-08-14 09:31:03 [scrapy.extensions.telnet] DEBUG: Telnet console listening on 127.0.0.1:6023
2017-08-14 09:31:04 [scrapy.core.engine] DEBUG: Crawled (200) <GET http://wz.sun0769.com/index.php/question/questionType?type=4&page=> (referer: None)
2017-08-14 09:31:04 [scrapy.core.engine] DEBUG: Crawled (200) <GET http://wz.sun0769.com/index.php/question/questionType?type=4> (referer: http://wz.sun0769.com/index.php/question/questionType?type=4&page=)
2017-08-14 09:31:04 [scrapy.core.engine] DEBUG: Crawled (200) <GET http://wz.sun0769.com/index.php/question/questionType?type=4&page=60> (referer: http://wz.sun0769.com/index.php/question/questionType?type=4&page=)
2017-08-14 09:31:04 [scrapy.core.engine] DEBUG: Crawled (200) <GET http://wz.sun0769.com/index.php/question/questionType?type=4&page=78870> (referer: http://wz.sun0769.com/index.php/question/questionType?type=4&page=)
2017-08-14 09:31:04 [scrapy.core.engine] DEBUG: Crawled (200) <GET http://wz.sun0769.com/index.php/question/questionType?type=4&page=120> (referer: http://wz.sun0769.com/index.php/question/questionType?type=4&page=)
2017-08-14 09:31:04 [scrapy.core.engine] DEBUG: Crawled (200) <GET http://wz.sun0769.com/index.php/question/questionType?type=4&page=90> (referer: http://wz.sun0769.com/index.php/question/questionType?type=4&page=)
2017-08-14 09:31:05 [scrapy.core.engine] DEBUG: Crawled (200) <GET http://wz.sun0769.com/index.php/question/questionType?type=4&page=30> (referer: http://wz.sun0769.com/index.php/question/questionType?type=4&page=)
2017-08-14 09:31:05 [scrapy.core.engine] INFO: Closing spider (finished)
2017-08-14 09:31:05 [scrapy.statscollectors] INFO: Dumping Scrapy stats:
{'downloader/request_bytes': 1901,
 'downloader/request_count': 7,
 'downloader/request_method_count/GET': 7,
 'downloader/response_bytes': 204514,
 'downloader/response_count': 7,
 'downloader/response_status_count/200': 7,
 'finish_reason': 'finished',
 'finish_time': datetime.datetime(2017, 8, 14, 1, 31, 5, 112000),
 'log_count/DEBUG': 8,
 'log_count/INFO': 7,
 'request_depth_max': 1,
 'response_received_count': 7,
 'scheduler/dequeued': 7,
 'scheduler/dequeued/memory': 7,
 'scheduler/enqueued': 7,
 'scheduler/enqueued/memory': 7,
 'start_time': datetime.datetime(2017, 8, 14, 1, 31, 3, 470000)}
2017-08-14 09:31:05 [scrapy.core.engine] INFO: Spider closed (finished)
2017-08-14 09:31:18 [scrapy.utils.log] INFO: Scrapy 1.4.0 started (bot: dongguan_scrapy)
2017-08-14 09:31:18 [scrapy.utils.log] INFO: Overridden settings: {'NEWSPIDER_MODULE': 'dongguan_scrapy.spiders', 'SPIDER_MODULES': ['dongguan_scrapy.spiders'], 'LOG_FILE': 'dongguanlog.log', 'BOT_NAME': 'dongguan_scrapy'}
2017-08-14 09:31:18 [scrapy.middleware] INFO: Enabled extensions:
['scrapy.extensions.logstats.LogStats',
 'scrapy.extensions.telnet.TelnetConsole',
 'scrapy.extensions.corestats.CoreStats']
2017-08-14 09:31:18 [scrapy.middleware] INFO: Enabled downloader middlewares:
['scrapy.downloadermiddlewares.httpauth.HttpAuthMiddleware',
 'scrapy.downloadermiddlewares.downloadtimeout.DownloadTimeoutMiddleware',
 'scrapy.downloadermiddlewares.defaultheaders.DefaultHeadersMiddleware',
 'scrapy.downloadermiddlewares.useragent.UserAgentMiddleware',
 'scrapy.downloadermiddlewares.retry.RetryMiddleware',
 'scrapy.downloadermiddlewares.redirect.MetaRefreshMiddleware',
 'scrapy.downloadermiddlewares.httpcompression.HttpCompressionMiddleware',
 'scrapy.downloadermiddlewares.redirect.RedirectMiddleware',
 'scrapy.downloadermiddlewares.cookies.CookiesMiddleware',
 'scrapy.downloadermiddlewares.httpproxy.HttpProxyMiddleware',
 'scrapy.downloadermiddlewares.stats.DownloaderStats']
2017-08-14 09:31:18 [scrapy.middleware] INFO: Enabled spider middlewares:
['scrapy.spidermiddlewares.httperror.HttpErrorMiddleware',
 'scrapy.spidermiddlewares.offsite.OffsiteMiddleware',
 'scrapy.spidermiddlewares.referer.RefererMiddleware',
 'scrapy.spidermiddlewares.urllength.UrlLengthMiddleware',
 'scrapy.spidermiddlewares.depth.DepthMiddleware']
2017-08-14 09:31:18 [scrapy.middleware] INFO: Enabled item pipelines:
['dongguan_scrapy.pipelines.DongguanScrapyPipeline']
2017-08-14 09:31:18 [scrapy.core.engine] INFO: Spider opened
2017-08-14 09:31:18 [scrapy.extensions.logstats] INFO: Crawled 0 pages (at 0 pages/min), scraped 0 items (at 0 items/min)
2017-08-14 09:31:18 [scrapy.extensions.telnet] DEBUG: Telnet console listening on 127.0.0.1:6023
2017-08-14 09:31:19 [scrapy.core.engine] DEBUG: Crawled (200) <GET http://wz.sun0769.com/index.php/question/questionType?type=4&page=> (referer: None)
2017-08-14 09:31:19 [scrapy.core.engine] DEBUG: Crawled (200) <GET http://wz.sun0769.com/index.php/question/questionType?type=4&page=60> (referer: http://wz.sun0769.com/index.php/question/questionType?type=4&page=)
2017-08-14 09:31:19 [scrapy.core.engine] DEBUG: Crawled (200) <GET http://wz.sun0769.com/index.php/question/questionType?type=4> (referer: http://wz.sun0769.com/index.php/question/questionType?type=4&page=)
2017-08-14 09:31:19 [scrapy.core.engine] DEBUG: Crawled (200) <GET http://wz.sun0769.com/index.php/question/questionType?type=4&page=30> (referer: http://wz.sun0769.com/index.php/question/questionType?type=4&page=)
2017-08-14 09:31:19 [scrapy.core.engine] DEBUG: Crawled (200) <GET http://wz.sun0769.com/index.php/question/questionType?type=4&page=120> (referer: http://wz.sun0769.com/index.php/question/questionType?type=4&page=)
2017-08-14 09:31:19 [scrapy.core.engine] DEBUG: Crawled (200) <GET http://wz.sun0769.com/index.php/question/questionType?type=4&page=90> (referer: http://wz.sun0769.com/index.php/question/questionType?type=4&page=)
2017-08-14 09:31:19 [scrapy.core.engine] DEBUG: Crawled (200) <GET http://wz.sun0769.com/index.php/question/questionType?type=4&page=78870> (referer: http://wz.sun0769.com/index.php/question/questionType?type=4&page=)
2017-08-14 09:31:20 [scrapy.core.engine] INFO: Closing spider (finished)
2017-08-14 09:31:20 [scrapy.statscollectors] INFO: Dumping Scrapy stats:
{'downloader/request_bytes': 1901,
 'downloader/request_count': 7,
 'downloader/request_method_count/GET': 7,
 'downloader/response_bytes': 204514,
 'downloader/response_count': 7,
 'downloader/response_status_count/200': 7,
 'finish_reason': 'finished',
 'finish_time': datetime.datetime(2017, 8, 14, 1, 31, 20, 52000),
 'log_count/DEBUG': 8,
 'log_count/INFO': 7,
 'request_depth_max': 1,
 'response_received_count': 7,
 'scheduler/dequeued': 7,
 'scheduler/dequeued/memory': 7,
 'scheduler/enqueued': 7,
 'scheduler/enqueued/memory': 7,
 'start_time': datetime.datetime(2017, 8, 14, 1, 31, 18, 795000)}
2017-08-14 09:31:20 [scrapy.core.engine] INFO: Spider closed (finished)
2017-08-14 18:44:07 [scrapy.utils.log] INFO: Scrapy 1.4.0 started (bot: dongguan_scrapy)
2017-08-14 18:44:07 [scrapy.utils.log] INFO: Overridden settings: {'NEWSPIDER_MODULE': 'dongguan_scrapy.spiders', 'SPIDER_MODULES': ['dongguan_scrapy.spiders'], 'LOG_FILE': 'dongguanlog.log', 'BOT_NAME': 'dongguan_scrapy'}
2017-08-14 18:44:07 [scrapy.middleware] INFO: Enabled extensions:
['scrapy.extensions.logstats.LogStats',
 'scrapy.extensions.telnet.TelnetConsole',
 'scrapy.extensions.corestats.CoreStats']
2017-08-14 18:44:07 [twisted] CRITICAL: Unhandled error in Deferred:
2017-08-14 18:44:07 [twisted] CRITICAL: 
Traceback (most recent call last):
  File "C:\Users\Administrator\AppData\Roaming\Python\Python27\site-packages\twisted\internet\defer.py", line 1386, in _inlineCallbacks
    result = g.send(result)
  File "C:\Users\Administrator\AppData\Roaming\Python\Python27\site-packages\scrapy\crawler.py", line 95, in crawl
    six.reraise(*exc_info)
  File "C:\Users\Administrator\AppData\Roaming\Python\Python27\site-packages\scrapy\crawler.py", line 77, in crawl
    self.engine = self._create_engine()
  File "C:\Users\Administrator\AppData\Roaming\Python\Python27\site-packages\scrapy\crawler.py", line 102, in _create_engine
    return ExecutionEngine(self, lambda _: self.stop())
  File "C:\Users\Administrator\AppData\Roaming\Python\Python27\site-packages\scrapy\core\engine.py", line 69, in __init__
    self.downloader = downloader_cls(crawler)
  File "C:\Users\Administrator\AppData\Roaming\Python\Python27\site-packages\scrapy\core\downloader\__init__.py", line 88, in __init__
    self.middleware = DownloaderMiddlewareManager.from_crawler(crawler)
  File "C:\Users\Administrator\AppData\Roaming\Python\Python27\site-packages\scrapy\middleware.py", line 58, in from_crawler
    return cls.from_settings(crawler.settings, crawler)
  File "C:\Users\Administrator\AppData\Roaming\Python\Python27\site-packages\scrapy\middleware.py", line 34, in from_settings
    mwcls = load_object(clspath)
  File "C:\Users\Administrator\AppData\Roaming\Python\Python27\site-packages\scrapy\utils\misc.py", line 44, in load_object
    mod = import_module(module)
  File "C:\Python27\lib\importlib\__init__.py", line 37, in import_module
    __import__(name)
  File "C:\Users\Administrator\AppData\Roaming\Python\Python27\site-packages\scrapy\downloadermiddlewares\retry.py", line 20, in <module>
    from twisted.web.client import ResponseFailed
  File "C:\Users\Administrator\AppData\Roaming\Python\Python27\site-packages\twisted\web\client.py", line 42, in <module>
    from twisted.internet.endpoints import HostnameEndpoint, wrapClientTLS
  File "C:\Users\Administrator\AppData\Roaming\Python\Python27\site-packages\twisted\internet\endpoints.py", line 41, in <module>
    from twisted.internet.stdio import StandardIO, PipeAddress
  File "C:\Users\Administrator\AppData\Roaming\Python\Python27\site-packages\twisted\internet\stdio.py", line 30, in <module>
    from twisted.internet import _win32stdio
  File "C:\Users\Administrator\AppData\Roaming\Python\Python27\site-packages\twisted\internet\_win32stdio.py", line 9, in <module>
    import win32api
ImportError: No module named win32api
2017-08-14 18:46:34 [scrapy.utils.log] INFO: Scrapy 1.4.0 started (bot: dongguan_scrapy)
2017-08-14 18:46:34 [scrapy.utils.log] INFO: Overridden settings: {'NEWSPIDER_MODULE': 'dongguan_scrapy.spiders', 'SPIDER_MODULES': ['dongguan_scrapy.spiders'], 'LOG_FILE': 'dongguanlog.log', 'BOT_NAME': 'dongguan_scrapy'}
2017-08-14 18:46:34 [scrapy.middleware] INFO: Enabled extensions:
['scrapy.extensions.logstats.LogStats',
 'scrapy.extensions.telnet.TelnetConsole',
 'scrapy.extensions.corestats.CoreStats']
2017-08-14 18:46:34 [twisted] CRITICAL: Unhandled error in Deferred:
2017-08-14 18:46:34 [twisted] CRITICAL: 
Traceback (most recent call last):
  File "C:\Users\Administrator\AppData\Roaming\Python\Python27\site-packages\twisted\internet\defer.py", line 1386, in _inlineCallbacks
    result = g.send(result)
  File "C:\Users\Administrator\AppData\Roaming\Python\Python27\site-packages\scrapy\crawler.py", line 95, in crawl
    six.reraise(*exc_info)
  File "C:\Users\Administrator\AppData\Roaming\Python\Python27\site-packages\scrapy\crawler.py", line 77, in crawl
    self.engine = self._create_engine()
  File "C:\Users\Administrator\AppData\Roaming\Python\Python27\site-packages\scrapy\crawler.py", line 102, in _create_engine
    return ExecutionEngine(self, lambda _: self.stop())
  File "C:\Users\Administrator\AppData\Roaming\Python\Python27\site-packages\scrapy\core\engine.py", line 69, in __init__
    self.downloader = downloader_cls(crawler)
  File "C:\Users\Administrator\AppData\Roaming\Python\Python27\site-packages\scrapy\core\downloader\__init__.py", line 88, in __init__
    self.middleware = DownloaderMiddlewareManager.from_crawler(crawler)
  File "C:\Users\Administrator\AppData\Roaming\Python\Python27\site-packages\scrapy\middleware.py", line 58, in from_crawler
    return cls.from_settings(crawler.settings, crawler)
  File "C:\Users\Administrator\AppData\Roaming\Python\Python27\site-packages\scrapy\middleware.py", line 34, in from_settings
    mwcls = load_object(clspath)
  File "C:\Users\Administrator\AppData\Roaming\Python\Python27\site-packages\scrapy\utils\misc.py", line 44, in load_object
    mod = import_module(module)
  File "C:\Python27\lib\importlib\__init__.py", line 37, in import_module
    __import__(name)
  File "C:\Users\Administrator\AppData\Roaming\Python\Python27\site-packages\scrapy\downloadermiddlewares\retry.py", line 20, in <module>
    from twisted.web.client import ResponseFailed
  File "C:\Users\Administrator\AppData\Roaming\Python\Python27\site-packages\twisted\web\client.py", line 42, in <module>
    from twisted.internet.endpoints import HostnameEndpoint, wrapClientTLS
  File "C:\Users\Administrator\AppData\Roaming\Python\Python27\site-packages\twisted\internet\endpoints.py", line 41, in <module>
    from twisted.internet.stdio import StandardIO, PipeAddress
  File "C:\Users\Administrator\AppData\Roaming\Python\Python27\site-packages\twisted\internet\stdio.py", line 30, in <module>
    from twisted.internet import _win32stdio
  File "C:\Users\Administrator\AppData\Roaming\Python\Python27\site-packages\twisted\internet\_win32stdio.py", line 9, in <module>
    import win32api
ImportError: No module named win32api
2017-08-14 20:14:32 [scrapy.utils.log] INFO: Scrapy 1.4.0 started (bot: dongguan_scrapy)
2017-08-14 20:14:32 [scrapy.utils.log] INFO: Overridden settings: {'NEWSPIDER_MODULE': 'dongguan_scrapy.spiders', 'SPIDER_MODULES': ['dongguan_scrapy.spiders'], 'LOG_FILE': 'dongguanlog.log', 'BOT_NAME': 'dongguan_scrapy'}
2017-08-14 20:14:32 [scrapy.middleware] INFO: Enabled extensions:
['scrapy.extensions.logstats.LogStats',
 'scrapy.extensions.telnet.TelnetConsole',
 'scrapy.extensions.corestats.CoreStats']
2017-08-14 20:14:32 [scrapy.middleware] INFO: Enabled downloader middlewares:
['scrapy.downloadermiddlewares.httpauth.HttpAuthMiddleware',
 'scrapy.downloadermiddlewares.downloadtimeout.DownloadTimeoutMiddleware',
 'scrapy.downloadermiddlewares.defaultheaders.DefaultHeadersMiddleware',
 'scrapy.downloadermiddlewares.useragent.UserAgentMiddleware',
 'scrapy.downloadermiddlewares.retry.RetryMiddleware',
 'scrapy.downloadermiddlewares.redirect.MetaRefreshMiddleware',
 'scrapy.downloadermiddlewares.httpcompression.HttpCompressionMiddleware',
 'scrapy.downloadermiddlewares.redirect.RedirectMiddleware',
 'scrapy.downloadermiddlewares.cookies.CookiesMiddleware',
 'scrapy.downloadermiddlewares.httpproxy.HttpProxyMiddleware',
 'scrapy.downloadermiddlewares.stats.DownloaderStats']
2017-08-14 20:14:32 [scrapy.middleware] INFO: Enabled spider middlewares:
['scrapy.spidermiddlewares.httperror.HttpErrorMiddleware',
 'scrapy.spidermiddlewares.offsite.OffsiteMiddleware',
 'scrapy.spidermiddlewares.referer.RefererMiddleware',
 'scrapy.spidermiddlewares.urllength.UrlLengthMiddleware',
 'scrapy.spidermiddlewares.depth.DepthMiddleware']
2017-08-14 20:14:32 [scrapy.middleware] INFO: Enabled item pipelines:
['dongguan_scrapy.pipelines.DongguanScrapyPipeline']
2017-08-14 20:14:32 [scrapy.core.engine] INFO: Spider opened
2017-08-14 20:14:32 [scrapy.extensions.logstats] INFO: Crawled 0 pages (at 0 pages/min), scraped 0 items (at 0 items/min)
2017-08-14 20:14:32 [scrapy.extensions.telnet] DEBUG: Telnet console listening on 127.0.0.1:6023
2017-08-14 20:14:33 [scrapy.core.engine] DEBUG: Crawled (200) <GET http://wz.sun0769.com/index.php/question/questionType?type=4&page=> (referer: None)
2017-08-14 20:14:33 [scrapy.core.engine] DEBUG: Crawled (200) <GET http://wz.sun0769.com/index.php/question/questionType?type=4&page=120> (referer: http://wz.sun0769.com/index.php/question/questionType?type=4&page=)
2017-08-14 20:14:33 [scrapy.core.engine] DEBUG: Crawled (200) <GET http://wz.sun0769.com/index.php/question/questionType?type=4> (referer: http://wz.sun0769.com/index.php/question/questionType?type=4&page=)
2017-08-14 20:14:33 [scrapy.core.engine] DEBUG: Crawled (200) <GET http://wz.sun0769.com/index.php/question/questionType?type=4&page=60> (referer: http://wz.sun0769.com/index.php/question/questionType?type=4&page=)
2017-08-14 20:14:35 [scrapy.core.engine] DEBUG: Crawled (200) <GET http://wz.sun0769.com/index.php/question/questionType?type=4&page=78960> (referer: http://wz.sun0769.com/index.php/question/questionType?type=4&page=)
2017-08-14 20:14:35 [scrapy.core.engine] DEBUG: Crawled (200) <GET http://wz.sun0769.com/index.php/question/questionType?type=4&page=30> (referer: http://wz.sun0769.com/index.php/question/questionType?type=4&page=)
2017-08-14 20:14:35 [scrapy.core.engine] DEBUG: Crawled (200) <GET http://wz.sun0769.com/index.php/question/questionType?type=4&page=90> (referer: http://wz.sun0769.com/index.php/question/questionType?type=4&page=)
2017-08-14 20:14:35 [scrapy.core.engine] INFO: Closing spider (finished)
2017-08-14 20:14:35 [scrapy.statscollectors] INFO: Dumping Scrapy stats:
{'downloader/request_bytes': 1901,
 'downloader/request_count': 7,
 'downloader/request_method_count/GET': 7,
 'downloader/response_bytes': 186577,
 'downloader/response_count': 7,
 'downloader/response_status_count/200': 7,
 'finish_reason': 'finished',
 'finish_time': datetime.datetime(2017, 8, 14, 12, 14, 35, 978000),
 'log_count/DEBUG': 8,
 'log_count/INFO': 7,
 'request_depth_max': 1,
 'response_received_count': 7,
 'scheduler/dequeued': 7,
 'scheduler/dequeued/memory': 7,
 'scheduler/enqueued': 7,
 'scheduler/enqueued/memory': 7,
 'start_time': datetime.datetime(2017, 8, 14, 12, 14, 32, 659000)}
2017-08-14 20:14:35 [scrapy.core.engine] INFO: Spider closed (finished)
