2017-08-16 21:55:17 [scrapy.utils.log] INFO: Scrapy 1.4.0 started (bot: doubanmovie)
2017-08-16 21:55:17 [scrapy.utils.log] INFO: Overridden settings: {'NEWSPIDER_MODULE': 'doubanmovie.spiders', 'SPIDER_MODULES': ['doubanmovie.spiders'], 'LOG_FILE': 'doubanlog.log', 'BOT_NAME': 'doubanmovie'}
2017-08-16 21:55:17 [scrapy.middleware] INFO: Enabled extensions:
['scrapy.extensions.logstats.LogStats',
 'scrapy.extensions.telnet.TelnetConsole',
 'scrapy.extensions.corestats.CoreStats']
2017-08-16 21:55:17 [scrapy.middleware] INFO: Enabled downloader middlewares:
['doubanmovie.middlewares.RandomUseragent',
 'doubanmovie.middlewares.RandomProxy',
 'scrapy.downloadermiddlewares.httpauth.HttpAuthMiddleware',
 'scrapy.downloadermiddlewares.downloadtimeout.DownloadTimeoutMiddleware',
 'scrapy.downloadermiddlewares.defaultheaders.DefaultHeadersMiddleware',
 'scrapy.downloadermiddlewares.useragent.UserAgentMiddleware',
 'scrapy.downloadermiddlewares.retry.RetryMiddleware',
 'scrapy.downloadermiddlewares.redirect.MetaRefreshMiddleware',
 'scrapy.downloadermiddlewares.httpcompression.HttpCompressionMiddleware',
 'scrapy.downloadermiddlewares.redirect.RedirectMiddleware',
 'scrapy.downloadermiddlewares.cookies.CookiesMiddleware',
 'scrapy.downloadermiddlewares.httpproxy.HttpProxyMiddleware',
 'scrapy.downloadermiddlewares.stats.DownloaderStats']
2017-08-16 21:55:17 [scrapy.middleware] INFO: Enabled spider middlewares:
['scrapy.spidermiddlewares.httperror.HttpErrorMiddleware',
 'scrapy.spidermiddlewares.offsite.OffsiteMiddleware',
 'scrapy.spidermiddlewares.referer.RefererMiddleware',
 'scrapy.spidermiddlewares.urllength.UrlLengthMiddleware',
 'scrapy.spidermiddlewares.depth.DepthMiddleware']
2017-08-16 21:55:17 [scrapy.middleware] INFO: Enabled item pipelines:
['doubanmovie.pipelines.DoubanmoviePipeline']
2017-08-16 21:55:17 [scrapy.core.engine] INFO: Spider opened
2017-08-16 21:55:17 [scrapy.extensions.logstats] INFO: Crawled 0 pages (at 0 pages/min), scraped 0 items (at 0 items/min)
2017-08-16 21:55:17 [scrapy.extensions.telnet] DEBUG: Telnet console listening on 127.0.0.1:6023
2017-08-16 21:55:17 [scrapy.core.scraper] ERROR: Error downloading <GET https://movie.douban.com/top250?start=0>
Traceback (most recent call last):
  File "C:\Users\Administrator\AppData\Roaming\Python\Python27\site-packages\twisted\internet\defer.py", line 1386, in _inlineCallbacks
    result = g.send(result)
  File "C:\Users\Administrator\AppData\Roaming\Python\Python27\site-packages\scrapy\core\downloader\middleware.py", line 37, in process_request
    response = yield method(request=request, spider=spider)
TypeError: process_request() got an unexpected keyword argument 'request'
2017-08-16 21:55:18 [scrapy.core.engine] INFO: Closing spider (finished)
2017-08-16 21:55:18 [scrapy.statscollectors] INFO: Dumping Scrapy stats:
{'downloader/exception_count': 1,
 'downloader/exception_type_count/exceptions.TypeError': 1,
 'finish_reason': 'finished',
 'finish_time': datetime.datetime(2017, 8, 16, 13, 55, 18, 79000),
 'log_count/DEBUG': 1,
 'log_count/ERROR': 1,
 'log_count/INFO': 7,
 'scheduler/dequeued': 1,
 'scheduler/dequeued/memory': 1,
 'scheduler/enqueued': 1,
 'scheduler/enqueued/memory': 1,
 'start_time': datetime.datetime(2017, 8, 16, 13, 55, 17, 796000)}
2017-08-16 21:55:18 [scrapy.core.engine] INFO: Spider closed (finished)
2017-08-16 21:56:39 [scrapy.utils.log] INFO: Scrapy 1.4.0 started (bot: doubanmovie)
2017-08-16 21:56:39 [scrapy.utils.log] INFO: Overridden settings: {'NEWSPIDER_MODULE': 'doubanmovie.spiders', 'SPIDER_MODULES': ['doubanmovie.spiders'], 'LOG_FILE': 'doubanlog.log', 'BOT_NAME': 'doubanmovie'}
2017-08-16 21:56:39 [scrapy.middleware] INFO: Enabled extensions:
['scrapy.extensions.logstats.LogStats',
 'scrapy.extensions.telnet.TelnetConsole',
 'scrapy.extensions.corestats.CoreStats']
2017-08-16 21:56:39 [scrapy.middleware] INFO: Enabled downloader middlewares:
['doubanmovie.middlewares.RandomUseragent',
 'doubanmovie.middlewares.RandomProxy',
 'scrapy.downloadermiddlewares.httpauth.HttpAuthMiddleware',
 'scrapy.downloadermiddlewares.downloadtimeout.DownloadTimeoutMiddleware',
 'scrapy.downloadermiddlewares.defaultheaders.DefaultHeadersMiddleware',
 'scrapy.downloadermiddlewares.useragent.UserAgentMiddleware',
 'scrapy.downloadermiddlewares.retry.RetryMiddleware',
 'scrapy.downloadermiddlewares.redirect.MetaRefreshMiddleware',
 'scrapy.downloadermiddlewares.httpcompression.HttpCompressionMiddleware',
 'scrapy.downloadermiddlewares.redirect.RedirectMiddleware',
 'scrapy.downloadermiddlewares.cookies.CookiesMiddleware',
 'scrapy.downloadermiddlewares.httpproxy.HttpProxyMiddleware',
 'scrapy.downloadermiddlewares.stats.DownloaderStats']
2017-08-16 21:56:39 [scrapy.middleware] INFO: Enabled spider middlewares:
['scrapy.spidermiddlewares.httperror.HttpErrorMiddleware',
 'scrapy.spidermiddlewares.offsite.OffsiteMiddleware',
 'scrapy.spidermiddlewares.referer.RefererMiddleware',
 'scrapy.spidermiddlewares.urllength.UrlLengthMiddleware',
 'scrapy.spidermiddlewares.depth.DepthMiddleware']
2017-08-16 21:56:39 [scrapy.middleware] INFO: Enabled item pipelines:
['doubanmovie.pipelines.DoubanmoviePipeline']
2017-08-16 21:56:39 [scrapy.core.engine] INFO: Spider opened
2017-08-16 21:56:39 [scrapy.extensions.logstats] INFO: Crawled 0 pages (at 0 pages/min), scraped 0 items (at 0 items/min)
2017-08-16 21:56:39 [scrapy.extensions.telnet] DEBUG: Telnet console listening on 127.0.0.1:6023
2017-08-16 21:56:39 [scrapy.core.scraper] ERROR: Error downloading <GET https://movie.douban.com/top250?start=0>
Traceback (most recent call last):
  File "C:\Users\Administrator\AppData\Roaming\Python\Python27\site-packages\twisted\internet\defer.py", line 1386, in _inlineCallbacks
    result = g.send(result)
  File "C:\Users\Administrator\AppData\Roaming\Python\Python27\site-packages\scrapy\core\downloader\middleware.py", line 37, in process_request
    response = yield method(request=request, spider=spider)
TypeError: process_request() got an unexpected keyword argument 'request'
2017-08-16 21:56:39 [scrapy.core.engine] INFO: Closing spider (finished)
2017-08-16 21:56:39 [scrapy.statscollectors] INFO: Dumping Scrapy stats:
{'downloader/exception_count': 1,
 'downloader/exception_type_count/exceptions.TypeError': 1,
 'finish_reason': 'finished',
 'finish_time': datetime.datetime(2017, 8, 16, 13, 56, 39, 513000),
 'log_count/DEBUG': 1,
 'log_count/ERROR': 1,
 'log_count/INFO': 7,
 'scheduler/dequeued': 1,
 'scheduler/dequeued/memory': 1,
 'scheduler/enqueued': 1,
 'scheduler/enqueued/memory': 1,
 'start_time': datetime.datetime(2017, 8, 16, 13, 56, 39, 305000)}
2017-08-16 21:56:39 [scrapy.core.engine] INFO: Spider closed (finished)
2017-08-16 21:57:21 [scrapy.utils.log] INFO: Scrapy 1.4.0 started (bot: doubanmovie)
2017-08-16 21:57:21 [scrapy.utils.log] INFO: Overridden settings: {'NEWSPIDER_MODULE': 'doubanmovie.spiders', 'SPIDER_MODULES': ['doubanmovie.spiders'], 'LOG_FILE': 'doubanlog.log', 'BOT_NAME': 'doubanmovie'}
2017-08-16 21:57:21 [scrapy.middleware] INFO: Enabled extensions:
['scrapy.extensions.logstats.LogStats',
 'scrapy.extensions.telnet.TelnetConsole',
 'scrapy.extensions.corestats.CoreStats']
2017-08-16 21:57:21 [scrapy.middleware] INFO: Enabled downloader middlewares:
['doubanmovie.middlewares.RandomUseragent',
 'doubanmovie.middlewares.RandomProxy',
 'scrapy.downloadermiddlewares.httpauth.HttpAuthMiddleware',
 'scrapy.downloadermiddlewares.downloadtimeout.DownloadTimeoutMiddleware',
 'scrapy.downloadermiddlewares.defaultheaders.DefaultHeadersMiddleware',
 'scrapy.downloadermiddlewares.useragent.UserAgentMiddleware',
 'scrapy.downloadermiddlewares.retry.RetryMiddleware',
 'scrapy.downloadermiddlewares.redirect.MetaRefreshMiddleware',
 'scrapy.downloadermiddlewares.httpcompression.HttpCompressionMiddleware',
 'scrapy.downloadermiddlewares.redirect.RedirectMiddleware',
 'scrapy.downloadermiddlewares.cookies.CookiesMiddleware',
 'scrapy.downloadermiddlewares.httpproxy.HttpProxyMiddleware',
 'scrapy.downloadermiddlewares.stats.DownloaderStats']
2017-08-16 21:57:21 [scrapy.middleware] INFO: Enabled spider middlewares:
['scrapy.spidermiddlewares.httperror.HttpErrorMiddleware',
 'scrapy.spidermiddlewares.offsite.OffsiteMiddleware',
 'scrapy.spidermiddlewares.referer.RefererMiddleware',
 'scrapy.spidermiddlewares.urllength.UrlLengthMiddleware',
 'scrapy.spidermiddlewares.depth.DepthMiddleware']
2017-08-16 21:57:21 [scrapy.middleware] INFO: Enabled item pipelines:
['doubanmovie.pipelines.DoubanmoviePipeline']
2017-08-16 21:57:21 [scrapy.core.engine] INFO: Spider opened
2017-08-16 21:57:21 [scrapy.extensions.logstats] INFO: Crawled 0 pages (at 0 pages/min), scraped 0 items (at 0 items/min)
2017-08-16 21:57:21 [scrapy.extensions.telnet] DEBUG: Telnet console listening on 127.0.0.1:6023
2017-08-16 21:57:21 [scrapy.core.scraper] ERROR: Error downloading <GET https://movie.douban.com/top250?start=0>
Traceback (most recent call last):
  File "C:\Users\Administrator\AppData\Roaming\Python\Python27\site-packages\twisted\internet\defer.py", line 1386, in _inlineCallbacks
    result = g.send(result)
  File "C:\Users\Administrator\AppData\Roaming\Python\Python27\site-packages\scrapy\core\downloader\middleware.py", line 37, in process_request
    response = yield method(request=request, spider=spider)
TypeError: process_request() got an unexpected keyword argument 'request'
2017-08-16 21:57:21 [scrapy.core.engine] INFO: Closing spider (finished)
2017-08-16 21:57:21 [scrapy.statscollectors] INFO: Dumping Scrapy stats:
{'downloader/exception_count': 1,
 'downloader/exception_type_count/exceptions.TypeError': 1,
 'finish_reason': 'finished',
 'finish_time': datetime.datetime(2017, 8, 16, 13, 57, 21, 829000),
 'log_count/DEBUG': 1,
 'log_count/ERROR': 1,
 'log_count/INFO': 7,
 'scheduler/dequeued': 1,
 'scheduler/dequeued/memory': 1,
 'scheduler/enqueued': 1,
 'scheduler/enqueued/memory': 1,
 'start_time': datetime.datetime(2017, 8, 16, 13, 57, 21, 621000)}
2017-08-16 21:57:21 [scrapy.core.engine] INFO: Spider closed (finished)
2017-08-16 21:58:56 [scrapy.utils.log] INFO: Scrapy 1.4.0 started (bot: doubanmovie)
2017-08-16 21:58:56 [scrapy.utils.log] INFO: Overridden settings: {'NEWSPIDER_MODULE': 'doubanmovie.spiders', 'SPIDER_MODULES': ['doubanmovie.spiders'], 'LOG_FILE': 'doubanlog.log', 'BOT_NAME': 'doubanmovie'}
2017-08-16 21:58:56 [scrapy.middleware] INFO: Enabled extensions:
['scrapy.extensions.logstats.LogStats',
 'scrapy.extensions.telnet.TelnetConsole',
 'scrapy.extensions.corestats.CoreStats']
2017-08-16 21:58:56 [scrapy.middleware] INFO: Enabled downloader middlewares:
['doubanmovie.middlewares.RandomUseragent',
 'doubanmovie.middlewares.RandomProxy',
 'scrapy.downloadermiddlewares.httpauth.HttpAuthMiddleware',
 'scrapy.downloadermiddlewares.downloadtimeout.DownloadTimeoutMiddleware',
 'scrapy.downloadermiddlewares.defaultheaders.DefaultHeadersMiddleware',
 'scrapy.downloadermiddlewares.useragent.UserAgentMiddleware',
 'scrapy.downloadermiddlewares.retry.RetryMiddleware',
 'scrapy.downloadermiddlewares.redirect.MetaRefreshMiddleware',
 'scrapy.downloadermiddlewares.httpcompression.HttpCompressionMiddleware',
 'scrapy.downloadermiddlewares.redirect.RedirectMiddleware',
 'scrapy.downloadermiddlewares.cookies.CookiesMiddleware',
 'scrapy.downloadermiddlewares.httpproxy.HttpProxyMiddleware',
 'scrapy.downloadermiddlewares.stats.DownloaderStats']
2017-08-16 21:58:56 [scrapy.middleware] INFO: Enabled spider middlewares:
['scrapy.spidermiddlewares.httperror.HttpErrorMiddleware',
 'scrapy.spidermiddlewares.offsite.OffsiteMiddleware',
 'scrapy.spidermiddlewares.referer.RefererMiddleware',
 'scrapy.spidermiddlewares.urllength.UrlLengthMiddleware',
 'scrapy.spidermiddlewares.depth.DepthMiddleware']
2017-08-16 21:58:56 [scrapy.middleware] INFO: Enabled item pipelines:
['doubanmovie.pipelines.DoubanmoviePipeline']
2017-08-16 21:58:56 [scrapy.core.engine] INFO: Spider opened
2017-08-16 21:58:56 [scrapy.extensions.logstats] INFO: Crawled 0 pages (at 0 pages/min), scraped 0 items (at 0 items/min)
2017-08-16 21:58:56 [scrapy.extensions.telnet] DEBUG: Telnet console listening on 127.0.0.1:6023
2017-08-16 21:58:56 [scrapy.core.scraper] ERROR: Error downloading <GET https://movie.douban.com/top250?start=0>
Traceback (most recent call last):
  File "C:\Users\Administrator\AppData\Roaming\Python\Python27\site-packages\twisted\internet\defer.py", line 1386, in _inlineCallbacks
    result = g.send(result)
  File "C:\Users\Administrator\AppData\Roaming\Python\Python27\site-packages\scrapy\core\downloader\middleware.py", line 37, in process_request
    response = yield method(request=request, spider=spider)
TypeError: process_request() got an unexpected keyword argument 'request'
2017-08-16 21:58:57 [scrapy.core.engine] INFO: Closing spider (finished)
2017-08-16 21:58:57 [scrapy.statscollectors] INFO: Dumping Scrapy stats:
{'downloader/exception_count': 1,
 'downloader/exception_type_count/exceptions.TypeError': 1,
 'finish_reason': 'finished',
 'finish_time': datetime.datetime(2017, 8, 16, 13, 58, 57, 25000),
 'log_count/DEBUG': 1,
 'log_count/ERROR': 1,
 'log_count/INFO': 7,
 'scheduler/dequeued': 1,
 'scheduler/dequeued/memory': 1,
 'scheduler/enqueued': 1,
 'scheduler/enqueued/memory': 1,
 'start_time': datetime.datetime(2017, 8, 16, 13, 58, 56, 815000)}
2017-08-16 21:58:57 [scrapy.core.engine] INFO: Spider closed (finished)
2017-08-16 21:59:44 [scrapy.utils.log] INFO: Scrapy 1.4.0 started (bot: doubanmovie)
2017-08-16 21:59:44 [scrapy.utils.log] INFO: Overridden settings: {'NEWSPIDER_MODULE': 'doubanmovie.spiders', 'SPIDER_MODULES': ['doubanmovie.spiders'], 'LOG_FILE': 'doubanlog.log', 'BOT_NAME': 'doubanmovie'}
2017-08-16 21:59:44 [scrapy.middleware] INFO: Enabled extensions:
['scrapy.extensions.logstats.LogStats',
 'scrapy.extensions.telnet.TelnetConsole',
 'scrapy.extensions.corestats.CoreStats']
2017-08-16 21:59:44 [scrapy.middleware] INFO: Enabled downloader middlewares:
['doubanmovie.middlewares.RandomUseragent',
 'doubanmovie.middlewares.RandomProxy',
 'scrapy.downloadermiddlewares.httpauth.HttpAuthMiddleware',
 'scrapy.downloadermiddlewares.downloadtimeout.DownloadTimeoutMiddleware',
 'scrapy.downloadermiddlewares.defaultheaders.DefaultHeadersMiddleware',
 'scrapy.downloadermiddlewares.useragent.UserAgentMiddleware',
 'scrapy.downloadermiddlewares.retry.RetryMiddleware',
 'scrapy.downloadermiddlewares.redirect.MetaRefreshMiddleware',
 'scrapy.downloadermiddlewares.httpcompression.HttpCompressionMiddleware',
 'scrapy.downloadermiddlewares.redirect.RedirectMiddleware',
 'scrapy.downloadermiddlewares.cookies.CookiesMiddleware',
 'scrapy.downloadermiddlewares.httpproxy.HttpProxyMiddleware',
 'scrapy.downloadermiddlewares.stats.DownloaderStats']
2017-08-16 21:59:44 [scrapy.middleware] INFO: Enabled spider middlewares:
['scrapy.spidermiddlewares.httperror.HttpErrorMiddleware',
 'scrapy.spidermiddlewares.offsite.OffsiteMiddleware',
 'scrapy.spidermiddlewares.referer.RefererMiddleware',
 'scrapy.spidermiddlewares.urllength.UrlLengthMiddleware',
 'scrapy.spidermiddlewares.depth.DepthMiddleware']
2017-08-16 21:59:44 [scrapy.middleware] INFO: Enabled item pipelines:
['doubanmovie.pipelines.DoubanmoviePipeline']
2017-08-16 21:59:44 [scrapy.core.engine] INFO: Spider opened
2017-08-16 21:59:44 [scrapy.extensions.logstats] INFO: Crawled 0 pages (at 0 pages/min), scraped 0 items (at 0 items/min)
2017-08-16 21:59:44 [scrapy.extensions.telnet] DEBUG: Telnet console listening on 127.0.0.1:6023
2017-08-16 21:59:44 [scrapy.core.scraper] ERROR: Error downloading <GET https://movie.douban.com/top250?start=0>
Traceback (most recent call last):
  File "C:\Users\Administrator\AppData\Roaming\Python\Python27\site-packages\twisted\internet\defer.py", line 1386, in _inlineCallbacks
    result = g.send(result)
  File "C:\Users\Administrator\AppData\Roaming\Python\Python27\site-packages\scrapy\core\downloader\middleware.py", line 37, in process_request
    response = yield method(request=request, spider=spider)
TypeError: process_request() got an unexpected keyword argument 'request'
2017-08-16 21:59:44 [scrapy.core.engine] INFO: Closing spider (finished)
2017-08-16 21:59:44 [scrapy.statscollectors] INFO: Dumping Scrapy stats:
{'downloader/exception_count': 1,
 'downloader/exception_type_count/exceptions.TypeError': 1,
 'finish_reason': 'finished',
 'finish_time': datetime.datetime(2017, 8, 16, 13, 59, 44, 867000),
 'log_count/DEBUG': 1,
 'log_count/ERROR': 1,
 'log_count/INFO': 7,
 'scheduler/dequeued': 1,
 'scheduler/dequeued/memory': 1,
 'scheduler/enqueued': 1,
 'scheduler/enqueued/memory': 1,
 'start_time': datetime.datetime(2017, 8, 16, 13, 59, 44, 661000)}
2017-08-16 21:59:44 [scrapy.core.engine] INFO: Spider closed (finished)
2017-08-16 21:59:48 [scrapy.utils.log] INFO: Scrapy 1.4.0 started (bot: doubanmovie)
2017-08-16 21:59:48 [scrapy.utils.log] INFO: Overridden settings: {'NEWSPIDER_MODULE': 'doubanmovie.spiders', 'SPIDER_MODULES': ['doubanmovie.spiders'], 'LOG_FILE': 'doubanlog.log', 'BOT_NAME': 'doubanmovie'}
2017-08-16 21:59:48 [scrapy.middleware] INFO: Enabled extensions:
['scrapy.extensions.logstats.LogStats',
 'scrapy.extensions.telnet.TelnetConsole',
 'scrapy.extensions.corestats.CoreStats']
2017-08-16 21:59:48 [scrapy.middleware] INFO: Enabled downloader middlewares:
['doubanmovie.middlewares.RandomUseragent',
 'doubanmovie.middlewares.RandomProxy',
 'scrapy.downloadermiddlewares.httpauth.HttpAuthMiddleware',
 'scrapy.downloadermiddlewares.downloadtimeout.DownloadTimeoutMiddleware',
 'scrapy.downloadermiddlewares.defaultheaders.DefaultHeadersMiddleware',
 'scrapy.downloadermiddlewares.useragent.UserAgentMiddleware',
 'scrapy.downloadermiddlewares.retry.RetryMiddleware',
 'scrapy.downloadermiddlewares.redirect.MetaRefreshMiddleware',
 'scrapy.downloadermiddlewares.httpcompression.HttpCompressionMiddleware',
 'scrapy.downloadermiddlewares.redirect.RedirectMiddleware',
 'scrapy.downloadermiddlewares.cookies.CookiesMiddleware',
 'scrapy.downloadermiddlewares.httpproxy.HttpProxyMiddleware',
 'scrapy.downloadermiddlewares.stats.DownloaderStats']
2017-08-16 21:59:48 [scrapy.middleware] INFO: Enabled spider middlewares:
['scrapy.spidermiddlewares.httperror.HttpErrorMiddleware',
 'scrapy.spidermiddlewares.offsite.OffsiteMiddleware',
 'scrapy.spidermiddlewares.referer.RefererMiddleware',
 'scrapy.spidermiddlewares.urllength.UrlLengthMiddleware',
 'scrapy.spidermiddlewares.depth.DepthMiddleware']
2017-08-16 21:59:48 [scrapy.middleware] INFO: Enabled item pipelines:
['doubanmovie.pipelines.DoubanmoviePipeline']
2017-08-16 21:59:48 [scrapy.core.engine] INFO: Spider opened
2017-08-16 21:59:48 [scrapy.extensions.logstats] INFO: Crawled 0 pages (at 0 pages/min), scraped 0 items (at 0 items/min)
2017-08-16 21:59:48 [scrapy.extensions.telnet] DEBUG: Telnet console listening on 127.0.0.1:6023
2017-08-16 21:59:48 [scrapy.core.scraper] ERROR: Error downloading <GET https://movie.douban.com/top250?start=0>
Traceback (most recent call last):
  File "C:\Users\Administrator\AppData\Roaming\Python\Python27\site-packages\twisted\internet\defer.py", line 1386, in _inlineCallbacks
    result = g.send(result)
  File "C:\Users\Administrator\AppData\Roaming\Python\Python27\site-packages\scrapy\core\downloader\middleware.py", line 37, in process_request
    response = yield method(request=request, spider=spider)
TypeError: process_request() got an unexpected keyword argument 'request'
2017-08-16 21:59:48 [scrapy.core.engine] INFO: Closing spider (finished)
2017-08-16 21:59:48 [scrapy.statscollectors] INFO: Dumping Scrapy stats:
{'downloader/exception_count': 1,
 'downloader/exception_type_count/exceptions.TypeError': 1,
 'finish_reason': 'finished',
 'finish_time': datetime.datetime(2017, 8, 16, 13, 59, 48, 665000),
 'log_count/DEBUG': 1,
 'log_count/ERROR': 1,
 'log_count/INFO': 7,
 'scheduler/dequeued': 1,
 'scheduler/dequeued/memory': 1,
 'scheduler/enqueued': 1,
 'scheduler/enqueued/memory': 1,
 'start_time': datetime.datetime(2017, 8, 16, 13, 59, 48, 458000)}
2017-08-16 21:59:48 [scrapy.core.engine] INFO: Spider closed (finished)
2017-08-16 22:05:10 [scrapy.utils.log] INFO: Scrapy 1.4.0 started (bot: doubanmovie)
2017-08-16 22:05:10 [scrapy.utils.log] INFO: Overridden settings: {'NEWSPIDER_MODULE': 'doubanmovie.spiders', 'SPIDER_MODULES': ['doubanmovie.spiders'], 'LOG_FILE': 'doubanlog.log', 'BOT_NAME': 'doubanmovie'}
2017-08-16 22:05:10 [scrapy.middleware] INFO: Enabled extensions:
['scrapy.extensions.logstats.LogStats',
 'scrapy.extensions.telnet.TelnetConsole',
 'scrapy.extensions.corestats.CoreStats']
2017-08-16 22:05:10 [scrapy.middleware] INFO: Enabled downloader middlewares:
['doubanmovie.middlewares.RandomUseragent',
 'doubanmovie.middlewares.RandomProxy',
 'scrapy.downloadermiddlewares.httpauth.HttpAuthMiddleware',
 'scrapy.downloadermiddlewares.downloadtimeout.DownloadTimeoutMiddleware',
 'scrapy.downloadermiddlewares.defaultheaders.DefaultHeadersMiddleware',
 'scrapy.downloadermiddlewares.useragent.UserAgentMiddleware',
 'scrapy.downloadermiddlewares.retry.RetryMiddleware',
 'scrapy.downloadermiddlewares.redirect.MetaRefreshMiddleware',
 'scrapy.downloadermiddlewares.httpcompression.HttpCompressionMiddleware',
 'scrapy.downloadermiddlewares.redirect.RedirectMiddleware',
 'scrapy.downloadermiddlewares.cookies.CookiesMiddleware',
 'scrapy.downloadermiddlewares.httpproxy.HttpProxyMiddleware',
 'scrapy.downloadermiddlewares.stats.DownloaderStats']
2017-08-16 22:05:10 [scrapy.middleware] INFO: Enabled spider middlewares:
['scrapy.spidermiddlewares.httperror.HttpErrorMiddleware',
 'scrapy.spidermiddlewares.offsite.OffsiteMiddleware',
 'scrapy.spidermiddlewares.referer.RefererMiddleware',
 'scrapy.spidermiddlewares.urllength.UrlLengthMiddleware',
 'scrapy.spidermiddlewares.depth.DepthMiddleware']
2017-08-16 22:05:10 [scrapy.middleware] INFO: Enabled item pipelines:
['doubanmovie.pipelines.DoubanmoviePipeline']
2017-08-16 22:05:10 [scrapy.core.engine] INFO: Spider opened
2017-08-16 22:05:10 [scrapy.extensions.logstats] INFO: Crawled 0 pages (at 0 pages/min), scraped 0 items (at 0 items/min)
2017-08-16 22:05:10 [scrapy.extensions.telnet] DEBUG: Telnet console listening on 127.0.0.1:6023
2017-08-16 22:05:10 [scrapy.core.scraper] ERROR: Error downloading <GET https://movie.douban.com/top250?start=0>
Traceback (most recent call last):
  File "C:\Users\Administrator\AppData\Roaming\Python\Python27\site-packages\twisted\internet\defer.py", line 1386, in _inlineCallbacks
    result = g.send(result)
  File "C:\Users\Administrator\AppData\Roaming\Python\Python27\site-packages\scrapy\core\downloader\middleware.py", line 37, in process_request
    response = yield method(request=request, spider=spider)
TypeError: process_request() got an unexpected keyword argument 'request'
2017-08-16 22:05:10 [scrapy.core.engine] INFO: Closing spider (finished)
2017-08-16 22:05:10 [scrapy.statscollectors] INFO: Dumping Scrapy stats:
{'downloader/exception_count': 1,
 'downloader/exception_type_count/exceptions.TypeError': 1,
 'finish_reason': 'finished',
 'finish_time': datetime.datetime(2017, 8, 16, 14, 5, 10, 776000),
 'log_count/DEBUG': 1,
 'log_count/ERROR': 1,
 'log_count/INFO': 7,
 'scheduler/dequeued': 1,
 'scheduler/dequeued/memory': 1,
 'scheduler/enqueued': 1,
 'scheduler/enqueued/memory': 1,
 'start_time': datetime.datetime(2017, 8, 16, 14, 5, 10, 568000)}
2017-08-16 22:05:10 [scrapy.core.engine] INFO: Spider closed (finished)
2017-08-16 22:05:20 [scrapy.utils.log] INFO: Scrapy 1.4.0 started (bot: doubanmovie)
2017-08-16 22:05:20 [scrapy.utils.log] INFO: Overridden settings: {'NEWSPIDER_MODULE': 'doubanmovie.spiders', 'SPIDER_MODULES': ['doubanmovie.spiders'], 'LOG_FILE': 'doubanlog.log', 'BOT_NAME': 'doubanmovie'}
2017-08-16 22:05:20 [scrapy.middleware] INFO: Enabled extensions:
['scrapy.extensions.logstats.LogStats',
 'scrapy.extensions.telnet.TelnetConsole',
 'scrapy.extensions.corestats.CoreStats']
2017-08-16 22:05:20 [scrapy.middleware] INFO: Enabled downloader middlewares:
['doubanmovie.middlewares.RandomUseragent',
 'doubanmovie.middlewares.RandomProxy',
 'scrapy.downloadermiddlewares.httpauth.HttpAuthMiddleware',
 'scrapy.downloadermiddlewares.downloadtimeout.DownloadTimeoutMiddleware',
 'scrapy.downloadermiddlewares.defaultheaders.DefaultHeadersMiddleware',
 'scrapy.downloadermiddlewares.useragent.UserAgentMiddleware',
 'scrapy.downloadermiddlewares.retry.RetryMiddleware',
 'scrapy.downloadermiddlewares.redirect.MetaRefreshMiddleware',
 'scrapy.downloadermiddlewares.httpcompression.HttpCompressionMiddleware',
 'scrapy.downloadermiddlewares.redirect.RedirectMiddleware',
 'scrapy.downloadermiddlewares.cookies.CookiesMiddleware',
 'scrapy.downloadermiddlewares.httpproxy.HttpProxyMiddleware',
 'scrapy.downloadermiddlewares.stats.DownloaderStats']
2017-08-16 22:05:20 [scrapy.middleware] INFO: Enabled spider middlewares:
['scrapy.spidermiddlewares.httperror.HttpErrorMiddleware',
 'scrapy.spidermiddlewares.offsite.OffsiteMiddleware',
 'scrapy.spidermiddlewares.referer.RefererMiddleware',
 'scrapy.spidermiddlewares.urllength.UrlLengthMiddleware',
 'scrapy.spidermiddlewares.depth.DepthMiddleware']
2017-08-16 22:05:20 [scrapy.middleware] INFO: Enabled item pipelines:
['doubanmovie.pipelines.DoubanmoviePipeline']
2017-08-16 22:05:20 [scrapy.core.engine] INFO: Spider opened
2017-08-16 22:05:20 [scrapy.extensions.logstats] INFO: Crawled 0 pages (at 0 pages/min), scraped 0 items (at 0 items/min)
2017-08-16 22:05:20 [scrapy.extensions.telnet] DEBUG: Telnet console listening on 127.0.0.1:6023
2017-08-16 22:05:21 [scrapy.core.scraper] ERROR: Error downloading <GET https://movie.douban.com/top250?start=0>
Traceback (most recent call last):
  File "C:\Users\Administrator\AppData\Roaming\Python\Python27\site-packages\twisted\internet\defer.py", line 1386, in _inlineCallbacks
    result = g.send(result)
  File "C:\Users\Administrator\AppData\Roaming\Python\Python27\site-packages\scrapy\core\downloader\middleware.py", line 37, in process_request
    response = yield method(request=request, spider=spider)
TypeError: process_request() got an unexpected keyword argument 'request'
2017-08-16 22:05:21 [scrapy.core.engine] INFO: Closing spider (finished)
2017-08-16 22:05:21 [scrapy.statscollectors] INFO: Dumping Scrapy stats:
{'downloader/exception_count': 1,
 'downloader/exception_type_count/exceptions.TypeError': 1,
 'finish_reason': 'finished',
 'finish_time': datetime.datetime(2017, 8, 16, 14, 5, 21, 140000),
 'log_count/DEBUG': 1,
 'log_count/ERROR': 1,
 'log_count/INFO': 7,
 'scheduler/dequeued': 1,
 'scheduler/dequeued/memory': 1,
 'scheduler/enqueued': 1,
 'scheduler/enqueued/memory': 1,
 'start_time': datetime.datetime(2017, 8, 16, 14, 5, 20, 929000)}
2017-08-16 22:05:21 [scrapy.core.engine] INFO: Spider closed (finished)
2017-08-16 22:05:35 [scrapy.utils.log] INFO: Scrapy 1.4.0 started (bot: doubanmovie)
2017-08-16 22:05:35 [scrapy.utils.log] INFO: Overridden settings: {'NEWSPIDER_MODULE': 'doubanmovie.spiders', 'SPIDER_MODULES': ['doubanmovie.spiders'], 'LOG_FILE': 'doubanlog.log', 'BOT_NAME': 'doubanmovie'}
2017-08-16 22:05:35 [scrapy.middleware] INFO: Enabled extensions:
['scrapy.extensions.logstats.LogStats',
 'scrapy.extensions.telnet.TelnetConsole',
 'scrapy.extensions.corestats.CoreStats']
2017-08-16 22:05:35 [scrapy.middleware] INFO: Enabled downloader middlewares:
['doubanmovie.middlewares.RandomUseragent',
 'doubanmovie.middlewares.RandomProxy',
 'scrapy.downloadermiddlewares.httpauth.HttpAuthMiddleware',
 'scrapy.downloadermiddlewares.downloadtimeout.DownloadTimeoutMiddleware',
 'scrapy.downloadermiddlewares.defaultheaders.DefaultHeadersMiddleware',
 'scrapy.downloadermiddlewares.useragent.UserAgentMiddleware',
 'scrapy.downloadermiddlewares.retry.RetryMiddleware',
 'scrapy.downloadermiddlewares.redirect.MetaRefreshMiddleware',
 'scrapy.downloadermiddlewares.httpcompression.HttpCompressionMiddleware',
 'scrapy.downloadermiddlewares.redirect.RedirectMiddleware',
 'scrapy.downloadermiddlewares.cookies.CookiesMiddleware',
 'scrapy.downloadermiddlewares.httpproxy.HttpProxyMiddleware',
 'scrapy.downloadermiddlewares.stats.DownloaderStats']
2017-08-16 22:05:35 [scrapy.middleware] INFO: Enabled spider middlewares:
['scrapy.spidermiddlewares.httperror.HttpErrorMiddleware',
 'scrapy.spidermiddlewares.offsite.OffsiteMiddleware',
 'scrapy.spidermiddlewares.referer.RefererMiddleware',
 'scrapy.spidermiddlewares.urllength.UrlLengthMiddleware',
 'scrapy.spidermiddlewares.depth.DepthMiddleware']
2017-08-16 22:05:35 [scrapy.middleware] INFO: Enabled item pipelines:
['doubanmovie.pipelines.DoubanmoviePipeline']
2017-08-16 22:05:35 [scrapy.core.engine] INFO: Spider opened
2017-08-16 22:05:35 [scrapy.extensions.logstats] INFO: Crawled 0 pages (at 0 pages/min), scraped 0 items (at 0 items/min)
2017-08-16 22:05:35 [scrapy.extensions.telnet] DEBUG: Telnet console listening on 127.0.0.1:6023
2017-08-16 22:05:35 [scrapy.core.scraper] ERROR: Error downloading <GET https://movie.douban.com/top250?start=0>
Traceback (most recent call last):
  File "C:\Users\Administrator\AppData\Roaming\Python\Python27\site-packages\twisted\internet\defer.py", line 1386, in _inlineCallbacks
    result = g.send(result)
  File "C:\Users\Administrator\AppData\Roaming\Python\Python27\site-packages\scrapy\core\downloader\middleware.py", line 37, in process_request
    response = yield method(request=request, spider=spider)
TypeError: process_request() got an unexpected keyword argument 'request'
2017-08-16 22:05:36 [scrapy.core.engine] INFO: Closing spider (finished)
2017-08-16 22:05:36 [scrapy.statscollectors] INFO: Dumping Scrapy stats:
{'downloader/exception_count': 1,
 'downloader/exception_type_count/exceptions.TypeError': 1,
 'finish_reason': 'finished',
 'finish_time': datetime.datetime(2017, 8, 16, 14, 5, 36, 13000),
 'log_count/DEBUG': 1,
 'log_count/ERROR': 1,
 'log_count/INFO': 7,
 'scheduler/dequeued': 1,
 'scheduler/dequeued/memory': 1,
 'scheduler/enqueued': 1,
 'scheduler/enqueued/memory': 1,
 'start_time': datetime.datetime(2017, 8, 16, 14, 5, 35, 804000)}
2017-08-16 22:05:36 [scrapy.core.engine] INFO: Spider closed (finished)
2017-08-16 22:05:42 [scrapy.utils.log] INFO: Scrapy 1.4.0 started (bot: doubanmovie)
2017-08-16 22:05:42 [scrapy.utils.log] INFO: Overridden settings: {'NEWSPIDER_MODULE': 'doubanmovie.spiders', 'SPIDER_MODULES': ['doubanmovie.spiders'], 'LOG_FILE': 'doubanlog.log', 'BOT_NAME': 'doubanmovie'}
2017-08-16 22:05:42 [scrapy.middleware] INFO: Enabled extensions:
['scrapy.extensions.logstats.LogStats',
 'scrapy.extensions.telnet.TelnetConsole',
 'scrapy.extensions.corestats.CoreStats']
2017-08-16 22:05:42 [scrapy.middleware] INFO: Enabled downloader middlewares:
['doubanmovie.middlewares.RandomUseragent',
 'doubanmovie.middlewares.RandomProxy',
 'scrapy.downloadermiddlewares.httpauth.HttpAuthMiddleware',
 'scrapy.downloadermiddlewares.downloadtimeout.DownloadTimeoutMiddleware',
 'scrapy.downloadermiddlewares.defaultheaders.DefaultHeadersMiddleware',
 'scrapy.downloadermiddlewares.useragent.UserAgentMiddleware',
 'scrapy.downloadermiddlewares.retry.RetryMiddleware',
 'scrapy.downloadermiddlewares.redirect.MetaRefreshMiddleware',
 'scrapy.downloadermiddlewares.httpcompression.HttpCompressionMiddleware',
 'scrapy.downloadermiddlewares.redirect.RedirectMiddleware',
 'scrapy.downloadermiddlewares.cookies.CookiesMiddleware',
 'scrapy.downloadermiddlewares.httpproxy.HttpProxyMiddleware',
 'scrapy.downloadermiddlewares.stats.DownloaderStats']
2017-08-16 22:05:42 [scrapy.middleware] INFO: Enabled spider middlewares:
['scrapy.spidermiddlewares.httperror.HttpErrorMiddleware',
 'scrapy.spidermiddlewares.offsite.OffsiteMiddleware',
 'scrapy.spidermiddlewares.referer.RefererMiddleware',
 'scrapy.spidermiddlewares.urllength.UrlLengthMiddleware',
 'scrapy.spidermiddlewares.depth.DepthMiddleware']
2017-08-16 22:05:42 [scrapy.middleware] INFO: Enabled item pipelines:
['doubanmovie.pipelines.DoubanmoviePipeline']
2017-08-16 22:05:42 [scrapy.core.engine] INFO: Spider opened
2017-08-16 22:05:42 [scrapy.extensions.logstats] INFO: Crawled 0 pages (at 0 pages/min), scraped 0 items (at 0 items/min)
2017-08-16 22:05:42 [scrapy.extensions.telnet] DEBUG: Telnet console listening on 127.0.0.1:6023
2017-08-16 22:05:42 [scrapy.core.scraper] ERROR: Error downloading <GET https://movie.douban.com/top250?start=0>
Traceback (most recent call last):
  File "C:\Users\Administrator\AppData\Roaming\Python\Python27\site-packages\twisted\internet\defer.py", line 1386, in _inlineCallbacks
    result = g.send(result)
  File "C:\Users\Administrator\AppData\Roaming\Python\Python27\site-packages\scrapy\core\downloader\middleware.py", line 37, in process_request
    response = yield method(request=request, spider=spider)
TypeError: process_request() got an unexpected keyword argument 'request'
2017-08-16 22:05:42 [scrapy.core.engine] INFO: Closing spider (finished)
2017-08-16 22:05:42 [scrapy.statscollectors] INFO: Dumping Scrapy stats:
{'downloader/exception_count': 1,
 'downloader/exception_type_count/exceptions.TypeError': 1,
 'finish_reason': 'finished',
 'finish_time': datetime.datetime(2017, 8, 16, 14, 5, 42, 699000),
 'log_count/DEBUG': 1,
 'log_count/ERROR': 1,
 'log_count/INFO': 7,
 'scheduler/dequeued': 1,
 'scheduler/dequeued/memory': 1,
 'scheduler/enqueued': 1,
 'scheduler/enqueued/memory': 1,
 'start_time': datetime.datetime(2017, 8, 16, 14, 5, 42, 488000)}
2017-08-16 22:05:42 [scrapy.core.engine] INFO: Spider closed (finished)
2017-08-16 22:06:04 [scrapy.utils.log] INFO: Scrapy 1.4.0 started (bot: doubanmovie)
2017-08-16 22:06:04 [scrapy.utils.log] INFO: Overridden settings: {'NEWSPIDER_MODULE': 'doubanmovie.spiders', 'SPIDER_MODULES': ['doubanmovie.spiders'], 'LOG_FILE': 'doubanlog.log', 'BOT_NAME': 'doubanmovie'}
2017-08-16 22:06:04 [scrapy.middleware] INFO: Enabled extensions:
['scrapy.extensions.logstats.LogStats',
 'scrapy.extensions.telnet.TelnetConsole',
 'scrapy.extensions.corestats.CoreStats']
2017-08-16 22:06:04 [scrapy.middleware] INFO: Enabled downloader middlewares:
['doubanmovie.middlewares.RandomUseragent',
 'doubanmovie.middlewares.RandomProxy',
 'scrapy.downloadermiddlewares.httpauth.HttpAuthMiddleware',
 'scrapy.downloadermiddlewares.downloadtimeout.DownloadTimeoutMiddleware',
 'scrapy.downloadermiddlewares.defaultheaders.DefaultHeadersMiddleware',
 'scrapy.downloadermiddlewares.useragent.UserAgentMiddleware',
 'scrapy.downloadermiddlewares.retry.RetryMiddleware',
 'scrapy.downloadermiddlewares.redirect.MetaRefreshMiddleware',
 'scrapy.downloadermiddlewares.httpcompression.HttpCompressionMiddleware',
 'scrapy.downloadermiddlewares.redirect.RedirectMiddleware',
 'scrapy.downloadermiddlewares.cookies.CookiesMiddleware',
 'scrapy.downloadermiddlewares.httpproxy.HttpProxyMiddleware',
 'scrapy.downloadermiddlewares.stats.DownloaderStats']
2017-08-16 22:06:04 [scrapy.middleware] INFO: Enabled spider middlewares:
['scrapy.spidermiddlewares.httperror.HttpErrorMiddleware',
 'scrapy.spidermiddlewares.offsite.OffsiteMiddleware',
 'scrapy.spidermiddlewares.referer.RefererMiddleware',
 'scrapy.spidermiddlewares.urllength.UrlLengthMiddleware',
 'scrapy.spidermiddlewares.depth.DepthMiddleware']
2017-08-16 22:06:04 [scrapy.middleware] INFO: Enabled item pipelines:
['doubanmovie.pipelines.DoubanmoviePipeline']
2017-08-16 22:06:04 [scrapy.core.engine] INFO: Spider opened
2017-08-16 22:06:04 [scrapy.extensions.logstats] INFO: Crawled 0 pages (at 0 pages/min), scraped 0 items (at 0 items/min)
2017-08-16 22:06:04 [scrapy.extensions.telnet] DEBUG: Telnet console listening on 127.0.0.1:6023
2017-08-16 22:06:05 [scrapy.core.engine] DEBUG: Crawled (200) <GET https://movie.douban.com/top250?start=0> (referer: None)
2017-08-16 22:06:05 [scrapy.core.engine] DEBUG: Crawled (404) <GET https://movie.douban.com/subject/5912992/> (referer: https://movie.douban.com/top250?start=0)
2017-08-16 22:06:05 [scrapy.core.engine] DEBUG: Crawled (404) <GET https://movie.douban.com/subject/1292000/> (referer: https://movie.douban.com/top250?start=0)
2017-08-16 22:06:05 [scrapy.spidermiddlewares.httperror] INFO: Ignoring response <404 https://movie.douban.com/subject/5912992/>: HTTP status code is not handled or not allowed
2017-08-16 22:06:05 [scrapy.spidermiddlewares.httperror] INFO: Ignoring response <404 https://movie.douban.com/subject/1292000/>: HTTP status code is not handled or not allowed
2017-08-16 22:06:06 [scrapy.core.engine] DEBUG: Crawled (200) <GET https://movie.douban.com/subject/1291828/> (referer: https://movie.douban.com/top250?start=0)
2017-08-16 22:06:06 [scrapy.core.engine] DEBUG: Crawled (200) <GET https://movie.douban.com/subject/1292052/> (referer: https://movie.douban.com/top250?start=0)
2017-08-16 22:06:06 [scrapy.core.scraper] DEBUG: Scraped from <200 https://movie.douban.com/subject/1291828/>
{'actors': u'\u5b89\u4e1c\u5185\u62c9\xb7\u963f\u8482\u5229/\u6069\u4f50\xb7\u5361\u62c9\u74e6\u52d2/\u827e\u8428\xb7\u4e39\u5c3c\u57c3\u5229',
 'directors': u'\u5b89\u4e1c\u5185\u62c9\xb7\u963f\u8482\u5229/\u6069\u4f50\xb7\u5361\u62c9\u74e6\u52d2',
 'name': u'\u5929\u5802\u7535\u5f71\u9662',
 'people_number': u'307407',
 'score': u'9.1',
 'types': u'\u5267\u60c5/\u7231\u60c5'}
2017-08-16 22:06:06 [scrapy.core.engine] DEBUG: Crawled (200) <GET https://movie.douban.com/subject/1849031/> (referer: https://movie.douban.com/top250?start=0)
2017-08-16 22:06:06 [scrapy.core.scraper] DEBUG: Scraped from <200 https://movie.douban.com/subject/1292052/>
{'actors': u'\u8482\u59c6\xb7\u7f57\u5bbe\u65af/\u6469\u6839\xb7\u5f17\u91cc\u66fc/\u9c8d\u52c3\xb7\u5188\u987f',
 'directors': u'\u8482\u59c6\xb7\u7f57\u5bbe\u65af/\u6469\u6839\xb7\u5f17\u91cc\u66fc',
 'name': u'\u8096\u7533\u514b\u7684\u6551\u8d4e',
 'people_number': u'861336',
 'score': u'9.6',
 'types': u'\u5267\u60c5/\u72af\u7f6a'}
2017-08-16 22:06:06 [scrapy.core.engine] DEBUG: Crawled (200) <GET https://movie.douban.com/subject/1292064/> (referer: https://movie.douban.com/top250?start=0)
2017-08-16 22:06:06 [scrapy.core.scraper] DEBUG: Scraped from <200 https://movie.douban.com/subject/1849031/>
{'actors': u'\u5a01\u5c14\xb7\u53f2\u5bc6\u65af/\u8d3e\u767b\xb7\u53f2\u5bc6\u65af/\u5766\u8fea\xb7\u725b\u987f',
 'directors': u'\u5a01\u5c14\xb7\u53f2\u5bc6\u65af/\u8d3e\u767b\xb7\u53f2\u5bc6\u65af',
 'name': u'\u5f53\u5e78\u798f\u6765\u6572\u95e8',
 'people_number': u'533926',
 'score': u'8.9',
 'types': u'\u5267\u60c5/\u5bb6\u5ead'}
2017-08-16 22:06:06 [scrapy.core.scraper] DEBUG: Scraped from <200 https://movie.douban.com/subject/1292064/>
{'actors': u'\u91d1\xb7\u51ef\u745e/\u52b3\u62c9\xb7\u7433\u59ae/\u827e\u5fb7\xb7\u54c8\u91cc\u65af',
 'directors': u'\u91d1\xb7\u51ef\u745e/\u52b3\u62c9\xb7\u7433\u59ae',
 'name': u'\u695a\u95e8\u7684\u4e16\u754c',
 'people_number': u'448652',
 'score': u'9.1',
 'types': u'\u5267\u60c5/\u79d1\u5e7b'}
2017-08-16 22:06:06 [scrapy.core.engine] DEBUG: Crawled (200) <GET https://movie.douban.com/subject/1300267/> (referer: https://movie.douban.com/top250?start=0)
2017-08-16 22:06:06 [scrapy.core.engine] DEBUG: Crawled (200) <GET https://movie.douban.com/subject/1307914/> (referer: https://movie.douban.com/top250?start=0)
2017-08-16 22:06:06 [scrapy.core.scraper] DEBUG: Scraped from <200 https://movie.douban.com/subject/1300267/>
{'actors': u'\u6258\u9a6c\u65af\xb7\u7c73\u5207\u5c14/\u82ad\u82ad\u62c9\xb7\u6b27\u5185\u5c14/\u8d39\u96ef\xb7\u4e3d',
 'directors': u'\u6258\u9a6c\u65af\xb7\u7c73\u5207\u5c14/\u82ad\u82ad\u62c9\xb7\u6b27\u5185\u5c14',
 'name': u'\u4e71\u4e16\u4f73\u4eba',
 'people_number': u'269157',
 'score': u'9.2',
 'types': u'\u5267\u60c5/\u7231\u60c5'}
2017-08-16 22:06:06 [scrapy.core.scraper] DEBUG: Scraped from <200 https://movie.douban.com/subject/1307914/>
{'actors': u'\u5218\u5fb7\u534e/\u6881\u671d\u4f1f/\u9ec4\u79cb\u751f',
 'directors': u'\u5218\u5fb7\u534e/\u6881\u671d\u4f1f',
 'name': u'\u65e0\u95f4\u9053',
 'people_number': u'394332',
 'score': u'9.0',
 'types': u'\u5267\u60c5/\u60ac\u7591'}
2017-08-16 22:06:07 [scrapy.core.engine] DEBUG: Crawled (200) <GET https://movie.douban.com/subject/1291841/> (referer: https://movie.douban.com/top250?start=0)
2017-08-16 22:06:07 [scrapy.core.engine] DEBUG: Crawled (200) <GET https://movie.douban.com/subject/1291560/> (referer: https://movie.douban.com/top250?start=0)
2017-08-16 22:06:07 [scrapy.core.scraper] DEBUG: Scraped from <200 https://movie.douban.com/subject/1291841/>
{'actors': u'\u9a6c\u9f99\xb7\u767d\u5170\u5ea6/\u963f\u5c14\xb7\u5e15\u897f\u8bfa/\u8a79\u59c6\u65af\xb7\u80af\u6069',
 'directors': u'\u9a6c\u9f99\xb7\u767d\u5170\u5ea6/\u963f\u5c14\xb7\u5e15\u897f\u8bfa',
 'name': u'\u6559\u7236',
 'people_number': u'340613',
 'score': u'9.2',
 'types': u'\u5267\u60c5/\u72af\u7f6a'}
2017-08-16 22:06:07 [scrapy.core.scraper] DEBUG: Scraped from <200 https://movie.douban.com/subject/1291560/>
{'actors': u'\u65e5\u9ad8\u6cd5\u5b50/\u5742\u672c\u5343\u590f/\u5c9b\u672c\u987b\u7f8e',
 'directors': u'\u65e5\u9ad8\u6cd5\u5b50/\u5742\u672c\u5343\u590f',
 'name': u'\u9f99\u732b',
 'people_number': u'414547',
 'score': u'9.1',
 'types': u'\u52a8\u753b/\u5947\u5e7b'}
2017-08-16 22:06:07 [scrapy.core.engine] DEBUG: Crawled (200) <GET https://movie.douban.com/subject/3011091/> (referer: https://movie.douban.com/top250?start=0)
2017-08-16 22:06:07 [scrapy.core.engine] DEBUG: Crawled (200) <GET https://movie.douban.com/subject/6786002/> (referer: https://movie.douban.com/top250?start=0)
2017-08-16 22:06:07 [scrapy.core.scraper] DEBUG: Scraped from <200 https://movie.douban.com/subject/3011091/>
{'actors': u'\u7406\u67e5\xb7\u57fa\u5c14/\u8428\u62c9\xb7\u7f57\u9ed8\u5c14/\u743c\xb7\u827e\u4f26',
 'directors': u'\u7406\u67e5\xb7\u57fa\u5c14/\u8428\u62c9\xb7\u7f57\u9ed8\u5c14',
 'name': u'\u5fe0\u72ac\u516b\u516c\u7684\u6545\u4e8b',
 'people_number': u'449858',
 'score': u'9.2',
 'types': u'\u5267\u60c5'}
2017-08-16 22:06:07 [scrapy.core.scraper] DEBUG: Scraped from <200 https://movie.douban.com/subject/6786002/>
{'actors': u'\u5f17\u6717\u7d22\u74e6\xb7\u514b\u9c81\u585e/\u5965\u739b\xb7\u5e0c/\u5b89\u5a1c\xb7\u52d2\u5c3c',
 'directors': u'\u5f17\u6717\u7d22\u74e6\xb7\u514b\u9c81\u585e/\u5965\u739b\xb7\u5e0c',
 'name': u'\u89e6\u4e0d\u53ef\u53ca',
 'people_number': u'362742',
 'score': u'9.1',
 'types': u'\u5267\u60c5/\u559c\u5267'}
2017-08-16 22:06:07 [scrapy.core.engine] DEBUG: Crawled (200) <GET https://movie.douban.com/subject/1292213/> (referer: https://movie.douban.com/top250?start=0)
2017-08-16 22:06:07 [scrapy.core.scraper] DEBUG: Scraped from <200 https://movie.douban.com/subject/1292213/>
{'actors': u'\u5468\u661f\u9a70/\u5434\u5b5f\u8fbe/\u6731\u8335',
 'directors': u'\u5468\u661f\u9a70/\u5434\u5b5f\u8fbe',
 'name': u'\u5927\u8bdd\u897f\u6e38\u4e4b\u5927\u5723\u5a36\u4eb2',
 'people_number': u'483101',
 'score': u'9.2',
 'types': u'\u559c\u5267/\u52a8\u4f5c'}
2017-08-16 22:06:07 [scrapy.core.engine] DEBUG: Crawled (200) <GET https://movie.douban.com/subject/1291549/> (referer: https://movie.douban.com/top250?start=0)
2017-08-16 22:06:07 [scrapy.core.engine] DEBUG: Crawled (200) <GET https://movie.douban.com/subject/1292001/> (referer: https://movie.douban.com/top250?start=0)
2017-08-16 22:06:08 [scrapy.core.scraper] DEBUG: Scraped from <200 https://movie.douban.com/subject/1291549/>
{'actors': u'\u70ed\u62c9\u5c14\xb7\u6731\u5c3c\u5965/\u8ba9-\u5df4\u8482\u65af\u7279\xb7\u83ab\u5c3c\u8036/\u5f17\u6717\u7d22\u74e6\xb7\u8d1d\u83b1\u6602',
 'directors': u'\u70ed\u62c9\u5c14\xb7\u6731\u5c3c\u5965/\u8ba9-\u5df4\u8482\u65af\u7279\xb7\u83ab\u5c3c\u8036',
 'name': u'\u653e\u725b\u73ed\u7684\u6625\u5929',
 'people_number': u'448022',
 'score': u'9.2',
 'types': u'\u5267\u60c5/\u97f3\u4e50'}
